0.08 90 0.00 2.75
0.13 90 13.30 9.31
0.17 90 13.30 18.36
0.20 90 35.77 28.66
0.23 90 51.51 38.44
0.26 90 59.40 47.44
0.29 90 66.49 56.52
0.31 90 79.44 65.12
0.34 90 87.68 72.48
0.36 90 90.30 79.24
0.39 90 94.45 85.31
0.41 90 100.00 90.58
0.44 90 103.52 95.48
0.46 90 105.85 99.98
0.48 90 109.46 103.55
0.51 90 113.06 106.80
0.53 90 115.26 110.20
0.55 90 117.42 113.44
0.58 90 120.07 116.13
0.60 90 121.85 118.07
0.62 90 122.50 119.73
0.64 90 123.60 121.58
0.67 90 125.29 123.43
0.69 90 126.35 124.35
0.71 90 126.92 124.57
0.74 90 127.83 124.96
0.76 90 128.80 125.55
0.78 90 129.50 126.03
0.81 90 129.88 126.33
0.83 90 130.00 126.46
0.85 90 130.03 126.63
0.88 90 129.88 126.67
0.90 90 130.20 126.91
0.92 90 131.25 127.83
0.95 90 131.79 128.16
0.97 90 131.27 128.05
0.99 90 131.32 128.31
1.02 90 131.93 128.89
1.04 90 132.26 129.65
1.06 90 132.41 129.97
1.08 90 131.97 130.23
1.11 90 131.86 130.54
1.13 90 132.20 130.90
1.15 90 132.28 131.52
1.17 90 132.24 131.55
1.20 90 132.32 130.98
1.22 90 132.53 130.59
1.24 90 132.99 130.40
1.27 90 132.80 130.05
1.29 90 132.32 129.71
1.31 90 131.53 129.44
1.34 90 131.32 128.72
1.36 90 132.11 128.21
1.39 90 132.67 128.78
1.41 90 132.06 129.28
1.43 90 131.55 129.10
1.46 90 132.24 128.87
1.48 90 133.17 128.91
1.50 90 133.04 129.37
1.52 90 132.00 129.88
1.55 90 131.48 129.92
1.57 90 131.83 129.83
1.59 90 132.07 130.17
1.61 90 131.77 130.49
1.64 90 131.52 130.31
1.66 90 131.70 130.21
1.69 90 132.09 129.84
1.71 90 132.12 129.16
1.73 90 131.72 128.80
1.76 90 131.24 128.78
1.78 90 130.78 129.00
1.80 90 130.64 128.74
1.83 90 131.04 128.28
1.85 90 131.22 128.50
1.87 90 130.76 128.63
1.90 90 130.70 128.78
1.92 90 131.31 129.11
1.94 90 131.85 129.10
1.97 90 131.50 129.23
1.99 90 130.57 129.49
2.01 90 130.44 129.87
2.03 90 130.93 130.25
2.06 90 130.88 130.23
2.08 90 130.30 129.99
2.10 90 130.36 129.58
2.13 90 130.92 129.10
2.15 90 131.33 128.99
2.17 90 131.13 128.78
2.20 90 130.60 128.23
2.22 90 130.18 128.02
2.24 90 129.79 128.18
2.27 90 129.96 128.06
2.29 90 130.25 127.90
2.31 90 130.08 128.30
2.34 90 129.70 128.45
2.36 90 130.09 128.46
2.38 90 131.04 128.87
2.41 90 131.20 129.31
2.43 90 130.75 129.63
2.45 90 130.36 129.75
2.48 90 130.40 129.84
2.50 90 130.32 130.36
2.52 90 129.91 130.98
2.54 90 130.01 130.83
2.57 90 130.47 129.90
2.59 90 130.83 129.40
2.61 90 131.11 129.50
2.64 90 131.26 129.33
2.66 90 130.95 128.84
2.69 90 130.26 128.37
2.71 90 129.79 128.24
2.73 90 129.71 127.80
2.76 90 129.81 127.69
2.78 90 129.85 128.42
2.80 90 129.60 128.49
2.83 90 130.90 128.09
2.85 90 131.80 128.07
2.87 90 131.80 128.43
2.89 90 130.50 128.96
2.92 90 129.84 129.16
2.94 90 129.94 129.24
2.96 90 129.91 129.43
2.99 90 129.83 129.70
3.01 90 130.10 130.20
3.03 90 130.67 130.28
3.06 90 130.72 129.53
3.08 90 131.06 128.94
3.10 90 131.05 128.71
3.13 90 130.32 128.30
3.15 90 129.45 127.94
3.18 90 129.49 127.67
3.20 90 130.38 127.12
3.22 90 130.40 126.83
3.25 90 129.44 127.43
3.27 90 129.87 127.69
3.29 90 131.35 127.49
3.32 90 131.33 127.32
3.34 90 130.22 127.47
3.36 90 129.85 128.12
3.39 90 129.95 128.50
3.41 90 129.53 128.55
3.43 90 129.13 128.57
3.45 90 129.64 128.82
3.48 90 130.14 128.75
3.50 90 129.92 128.33
3.53 90 130.19 128.18
3.55 90 130.78 127.94
3.57 90 130.52 127.31
3.60 90 129.67 126.77
3.62 90 128.92 126.74
3.65 90 128.84 127.14
3.67 90 129.69 127.08
3.69 90 130.03 126.76
3.72 90 129.26 127.10
3.74 90 129.22 127.32
3.76 90 130.39 127.57
3.79 90 130.90 127.73
3.81 90 130.17 127.73
3.83 90 129.40 128.04
3.86 90 129.57 128.37
3.88 90 129.88 128.76
3.90 90 129.34 129.01
3.92 90 129.04 128.82
3.95 90 129.81 128.46
3.97 90 130.37 127.93
4.00 90 130.29 127.70
4.02 90 130.00 127.90
4.04 90 129.67 127.67
4.07 90 129.34 127.22
4.09 90 128.85 127.09
4.12 90 128.75 127.22
4.14 90 129.33 127.10
4.16 90 129.66 126.98
4.19 90 129.06 127.29
4.21 90 128.97 127.41
4.23 90 130.12 127.52
4.26 90 130.72 127.87
4.28 90 129.96 128.34
4.30 90 129.09 128.68
4.32 90 129.19 128.71
4.35 90 129.48 128.80
4.37 90 128.93 129.20
4.39 90 128.64 129.78
4.42 90 129.22 129.79
4.44 90 129.76 128.97
4.46 90 129.98 128.52
4.49 90 129.94 128.63
4.51 90 129.55 128.49
4.54 90 129.07 128.10
4.56 90 128.59 127.75
4.58 90 128.56 127.55
4.61 90 129.14 127.04
4.63 90 129.40 126.93
4.65 90 128.79 127.85
4.68 90 128.60 128.17
4.70 90 129.96 127.83
4.72 90 129.96 127.82
4.75 90 129.71 128.09
4.77 90 128.88 128.65
4.79 90 128.94 128.81
4.81 90 129.14 128.77
4.84 90 128.74 129.00
4.86 90 128.56 129.19
4.88 90 128.73 129.29
4.91 90 128.99 129.26
4.93 90 129.66 128.69
4.96 90 129.92 128.04
4.98 90 129.48 127.88
5.00 105 128.77 127.78
5.03 105 128.19 127.75
5.05 105 129.48 127.92
5.07 105 130.62 127.81
5.10 105 131.13 128.16
5.12 105 132.18 129.94
5.14 105 134.00 131.66
5.16 105 135.61 132.64
5.18 105 136.26 133.26
5.20 105 136.32 133.97
5.22 105 136.94 135.11
5.24 105 138.49 136.15
5.27 105 139.79 137.44
5.29 105 139.75 138.40
5.31 105 139.88 139.04
5.33 105 140.90 139.70
5.35 105 142.12 140.26
5.37 105 142.81 140.84
5.39 105 142.83 140.93
5.41 105 142.92 140.55
5.44 105 142.90 140.13
5.46 105 143.06 140.05
5.48 105 143.57 140.29
5.50 105 143.90 140.24
5.52 105 143.84 140.39
5.54 105 143.83 141.02
5.56 105 144.12 141.38
5.58 105 144.39 141.83
5.60 105 144.89 142.21
5.62 105 145.63 142.28
5.65 105 145.92 142.42
5.67 105 145.56 142.71
5.69 105 145.18 143.62
5.71 105 145.11 144.05
5.73 105 145.56 143.55
5.75 105 145.78 143.33
5.77 105 145.70 142.89
5.79 105 145.70 142.73
5.81 105 146.14 142.85
5.83 105 146.15 142.54
5.86 105 145.09 141.91
5.88 105 144.82 141.04
5.90 105 145.50 140.96
5.92 105 145.56 141.66
5.94 105 144.93 142.04
5.96 105 144.81 141.96
5.98 105 145.29 142.07
6.00 105 145.73 142.28
6.02 105 145.39 142.20
6.05 105 145.24 142.28
6.07 105 146.49 142.30
6.09 105 146.49 142.41
6.11 105 146.26 143.06
6.13 105 145.03 143.72
6.15 105 145.53 144.25
6.17 105 146.93 144.33
6.19 105 147.32 143.71
6.21 105 146.90 143.32
6.23 105 146.34 143.61
6.25 105 145.67 143.53
6.28 105 146.03 142.72
6.30 105 146.91 141.76
6.32 105 146.65 141.19
6.34 105 145.59 141.17
6.36 105 145.52 141.74
6.38 105 146.29 142.41
6.40 105 146.52 142.36
6.42 105 146.08 142.17
6.45 105 145.56 142.33
6.47 105 145.60 142.61
6.49 105 146.28 143.22
6.51 105 146.57 143.64
6.53 105 146.13 144.16
6.55 105 145.75 144.46
6.57 105 145.79 144.33
6.59 105 146.25 144.65
6.61 105 146.59 144.46
6.63 105 146.40 143.89
6.65 105 145.98 143.48
6.67 105 145.51 143.17
6.69 105 145.84 142.89
6.72 105 146.49 142.41
6.74 105 146.03 141.64
6.76 105 145.16 141.02
6.78 105 144.87 141.21
6.80 105 145.22 141.80
6.82 105 145.50 142.13
6.84 105 145.46 142.23
6.86 105 145.21 142.02
6.89 105 144.88 141.99
6.91 105 145.30 142.47
6.93 105 145.87 142.66
6.95 105 146.08 142.33
6.97 105 146.23 142.26
6.99 105 146.14 142.67
7.01 105 146.33 142.72
7.03 105 146.39 142.62
7.05 105 146.17 142.87
7.07 105 145.99 142.81
7.10 105 146.15 142.11
7.12 105 148.08 141.59
7.14 105 148.13 141.42
7.16 105 147.26 141.49
7.18 105 146.75 141.18
7.20 105 146.96 141.11
7.22 105 147.28 141.68
7.24 105 147.22 142.06
7.27 105 146.62 142.50
7.29 105 146.44 142.88
7.31 105 146.84 143.02
7.33 105 146.93 143.14
7.35 105 146.30 144.17
7.37 105 145.95 145.31
7.39 105 146.16 145.02
7.41 105 146.42 144.36
7.43 105 146.44 144.10
7.45 105 146.13 143.64
7.47 105 146.09 143.31
7.49 105 145.98 143.03
7.52 105 146.22 142.52
7.54 105 146.51 142.00
7.56 105 145.76 141.50
7.58 105 144.99 141.32
7.60 105 145.16 141.75
7.62 105 145.66 142.02
7.64 105 145.57 141.93
7.66 105 145.03 142.02
7.69 105 144.75 142.10
7.71 105 145.28 142.28
7.73 105 146.04 142.46
7.75 105 145.88 142.40
7.77 105 145.09 142.19
7.79 105 145.10 142.56
7.81 105 145.69 143.29
7.83 105 145.97 143.84
7.85 105 145.69 143.79
7.87 105 145.31 143.09
7.90 105 144.81 142.77
7.92 105 144.31 142.85
7.94 105 145.07 142.67
7.96 105 145.49 141.90
7.98 105 145.04 141.00
8.00 105 144.76 140.73
8.02 105 145.50 140.85
8.04 105 146.02 141.13
8.07 105 145.78 141.63
8.09 105 145.17 141.54
8.11 105 145.20 141.46
8.13 105 146.19 141.59
8.15 105 146.42 141.78
8.17 105 145.35 142.33
8.19 105 144.82 142.52
8.21 105 145.31 143.01
8.23 105 146.01 143.36
8.25 105 146.12 143.12
8.27 105 145.72 143.13
8.30 105 145.17 142.96
8.32 105 144.45 142.45
8.34 105 144.59 141.99
8.36 105 145.37 141.64
8.38 105 145.42 141.33
8.40 105 144.54 141.04
8.43 105 144.21 140.39
8.45 105 145.08 139.67
8.47 105 145.90 140.04
8.49 105 145.93 140.84
8.51 105 145.29 141.11
8.53 105 144.98 141.41
8.55 105 145.59 141.35
8.57 105 145.85 141.12
8.59 105 145.20 141.38
8.62 105 145.06 141.57
8.64 105 145.54 142.04
8.66 105 145.95 142.34
8.68 105 145.81 142.25
8.70 105 145.21 142.31
8.72 105 144.72 141.94
8.74 105 144.14 141.77
8.76 105 144.21 141.59
8.79 105 145.48 140.99
8.81 105 145.60 140.31
8.83 105 145.13 139.95
8.85 105 145.53 140.23
8.87 105 145.95 140.20
8.89 105 145.78 140.27
8.91 105 145.41 140.81
8.94 105 145.35 141.19
8.96 105 145.75 141.55
8.98 105 145.94 141.96
9.00 105 145.40 142.08
9.02 105 145.16 142.00
9.04 105 145.36 142.88
9.06 105 145.79 144.06
9.08 105 145.93 143.90
9.10 105 145.49 143.22
9.12 105 144.88 142.99
9.14 105 144.32 142.54
9.16 105 144.62 142.19
9.19 105 145.35 141.98
9.21 105 145.30 141.53
9.23 105 144.48 140.89
9.25 105 144.42 140.37
9.27 105 145.41 140.23
9.29 105 146.17 140.67
9.32 105 145.82 141.16
9.34 105 144.99 141.21
9.36 105 145.06 141.28
9.38 105 145.80 141.49
9.40 105 146.00 141.67
9.42 105 145.11 141.79
9.44 105 144.52 141.82
9.46 105 145.05 142.03
9.48 105 145.95 142.61
9.50 105 146.02 143.03
9.52 105 145.29 143.70
9.54 105 144.74 143.78
9.57 105 144.41 142.94
9.59 105 144.89 142.45
9.61 105 145.71 142.38
9.63 105 145.49 142.19
9.65 105 144.67 141.58
9.68 105 145.39 140.77
9.70 105 146.36 140.44
9.72 105 145.91 140.57
9.74 105 145.24 140.86
9.76 105 145.38 141.38
9.78 105 146.54 141.36
9.80 105 146.90 141.51
9.82 105 145.98 141.78
9.84 105 145.41 142.11
9.86 105 145.57 142.83
9.88 105 146.24 143.14
9.90 105 146.62 143.75
9.93 105 146.41 143.82
9.95 105 145.67 143.50
9.97 105 144.76 143.72
9.99 105 145.10 143.61
10.01 120 146.29 143.19
10.03 120 146.45 142.88
10.05 120 145.34 142.92
10.07 120 145.14 143.22
10.09 120 146.57 143.63
10.11 120 148.31 143.80
10.13 120 149.04 143.77
10.15 120 148.83 144.42
10.17 120 149.21 146.19
10.19 120 150.78 147.53
10.21 120 151.91 147.95
10.23 120 152.01 148.30
10.25 120 152.31 148.94
10.27 120 152.89 150.66
10.29 120 153.90 152.75
10.31 120 155.03 153.20
10.33 120 155.46 153.69
10.35 120 155.29 154.54
10.37 120 154.93 154.01
10.39 120 155.29 153.60
10.40 120 156.44 154.05
10.43 120 157.39 154.14
10.44 120 157.22 153.74
10.46 120 156.63 153.65
10.48 120 156.72 154.13
10.50 120 157.54 155.08
10.52 120 158.71 154.96
10.54 120 159.05 154.67
10.56 120 158.86 155.67
10.58 120 158.74 156.05
10.60 120 158.10 156.43
10.62 120 158.25 156.76
10.64 120 158.77 156.34
10.65 120 158.43 156.78
10.67 120 158.53 157.28
10.69 120 159.00 158.20
10.71 120 159.48 158.31
10.73 120 159.16 157.19
10.75 120 158.18 156.83
10.77 120 157.87 156.57
10.79 120 159.08 156.27
10.81 120 159.74 156.50
10.83 120 158.77 156.36
10.85 120 158.54 155.52
10.87 120 158.99 155.15
10.89 120 159.69 155.53
10.90 120 160.09 155.73
10.92 120 160.07 155.74
10.94 120 159.74 155.87
10.96 120 158.75 156.02
10.98 120 158.08 156.24
11.00 120 158.73 156.39
11.02 120 159.29 157.01
11.04 120 159.27 157.38
11.06 120 159.36 157.09
11.08 120 159.48 157.47
11.09 120 159.01 157.96
11.11 120 158.17 158.58
11.13 120 158.26 158.48
11.15 120 158.86 157.14
11.17 120 159.03 156.49
11.19 120 158.42 156.62
11.21 120 157.74 156.70
11.23 120 157.82 156.29
11.25 120 158.25 155.69
11.27 120 158.93 155.43
11.29 120 159.07 155.28
11.31 120 159.00 156.39
11.33 120 159.20 157.46
11.35 120 158.69 156.57
11.36 120 158.34 156.43
11.38 120 158.37 156.51
11.40 120 158.44 157.12
11.42 120 158.91 157.89
11.44 120 159.36 157.87
11.46 120 159.69 157.89
11.48 120 159.08 157.30
11.50 120 157.87 157.58
11.51 120 157.61 158.27
11.54 120 158.57 157.46
11.55 120 159.48 156.29
11.57 120 158.86 155.93
11.59 120 157.85 155.79
11.61 120 157.83 156.24
11.63 120 158.72 156.03
11.65 120 159.70 155.11
11.67 120 159.73 154.69
11.69 120 159.13 155.11
11.71 120 158.97 155.88
11.73 120 158.99 156.49
11.75 120 159.35 156.56
11.77 120 159.24 155.46
11.79 120 158.37 155.23
11.80 120 158.36 156.50
11.82 120 158.99 157.36
11.84 120 159.71 157.54
11.86 120 159.48 157.64
11.88 120 158.25 157.68
11.90 120 157.80 157.10
11.92 120 158.57 156.53
11.94 120 159.60 156.20
11.96 120 159.40 155.87
11.98 120 158.42 155.06
12.00 120 158.31 154.58
12.02 120 160.62 155.08
12.04 120 160.93 155.47
12.06 120 160.30 155.13
12.08 120 159.39 154.76
12.10 120 158.65 155.33
12.11 120 158.90 155.77
12.13 120 159.77 156.28
12.15 120 159.61 156.32
12.17 120 158.67 156.28
12.19 120 158.39 156.39
12.21 120 159.06 156.99
12.23 120 159.71 158.22
12.25 120 159.04 158.13
12.27 120 158.12 157.13
12.28 120 158.19 156.59
12.30 120 158.92 156.10
12.32 120 159.33 155.91
12.34 120 158.71 156.04
12.36 120 157.91 155.48
12.38 120 157.93 155.00
12.40 120 159.08 154.83
12.42 120 160.06 155.12
12.44 120 159.73 155.33
12.46 120 158.75 155.16
12.48 120 157.70 155.21
12.50 120 157.74 155.79
12.52 120 158.91 156.20
12.54 120 159.14 155.54
12.56 120 158.41 155.68
12.57 120 157.85 156.36
12.59 120 158.22 156.80
12.61 120 158.71 156.97
12.63 120 158.34 158.05
12.65 120 158.01 159.36
12.67 120 158.21 157.73
12.69 120 158.65 155.67
12.71 120 158.52 155.19
12.73 120 157.96 155.20
12.75 120 157.60 155.08
12.77 120 157.94 154.62
12.79 120 159.03 154.14
12.81 120 159.41 154.27
12.83 120 159.06 153.95
12.85 120 158.76 154.48
12.87 120 158.14 155.77
12.89 120 158.04 155.15
12.91 120 158.67 154.41
12.92 120 158.58 154.57
12.94 120 158.17 154.79
12.96 120 157.90 155.81
12.98 120 158.32 157.26
13.00 120 158.75 157.26
13.02 120 158.31 156.24
13.04 120 157.87 155.82
13.06 120 157.83 156.26
13.08 120 158.07 156.10
13.10 120 157.77 155.42
13.12 120 157.15 155.07
13.14 120 158.25 154.81
13.16 120 159.09 154.96
13.17 120 159.88 154.95
13.19 120 159.72 154.61
13.21 120 159.12 154.17
13.23 120 158.31 154.13
13.25 120 158.46 154.73
13.27 120 158.99 155.87
13.29 120 158.57 156.28
13.31 120 158.09 155.36
13.33 120 157.86 154.73
13.35 120 158.60 155.47
13.37 120 159.14 156.38
13.39 120 158.42 156.97
13.41 120 157.75 156.74
13.42 120 158.08 156.00
13.45 120 159.05 155.54
13.46 120 159.03 154.86
13.48 120 157.96 154.93
13.50 120 157.24 154.83
13.52 120 157.68 154.00
13.54 120 159.00 153.88
13.56 120 159.80 153.91
13.58 120 159.06 153.88
13.60 120 157.99 153.73
13.62 120 157.56 153.32
13.64 120 157.95 154.58
13.66 120 158.54 155.37
13.68 120 158.22 154.90
13.70 120 157.91 154.78
13.72 120 157.74 154.99
13.74 120 158.07 155.50
13.75 120 158.63 156.07
13.77 120 158.24 157.76
13.79 120 157.80 157.90
13.81 120 157.69 156.11
13.83 120 157.91 155.30
13.85 120 158.06 154.84
13.87 120 157.71 154.37
13.89 120 157.35 154.26
13.91 120 157.36 153.94
13.93 120 158.41 153.05
13.95 120 159.26 153.06
13.97 120 158.47 153.27
13.99 120 157.63 153.37
14.01 120 157.93 153.61
14.03 120 158.59 153.63
14.05 120 158.38 153.86
14.07 120 158.06 153.87
14.09 120 158.23 154.01
14.11 120 158.72 155.13
14.13 120 158.55 155.61
14.14 120 157.64 155.42
14.16 120 157.43 155.55
14.18 120 158.19 156.40
14.20 120 158.40 157.67
14.22 120 157.62 156.59
14.24 120 157.23 154.61
14.26 120 157.45 154.17
14.28 120 157.67 154.07
14.30 120 158.04 153.87
14.32 120 158.24 153.67
14.34 120 158.30 152.98
14.36 120 158.49 153.34
14.38 120 157.80 153.42
14.40 120 157.53 153.36
14.42 120 157.90 154.23
14.44 120 157.93 154.10
14.46 120 158.31 154.43
14.48 120 158.57 154.77
14.49 120 158.76 154.62
14.51 120 158.26 155.59
14.53 120 157.28 156.37
14.55 120 157.34 156.75
14.57 120 158.29 156.34
14.59 120 158.80 155.55
14.61 120 157.83 155.59
14.63 120 157.13 155.29
14.65 120 157.80 154.51
14.67 120 158.65 154.27
14.69 120 159.11 154.62
14.71 120 158.79 154.30
14.73 120 158.28 153.99
14.75 120 158.08 154.22
14.77 120 157.74 153.71
14.79 120 156.98 153.93
14.80 120 156.88 154.99
14.82 120 158.13 154.68
14.84 120 159.11 154.51
14.86 120 159.05 154.39
14.88 120 158.97 154.08
14.90 120 158.24 155.06
14.92 120 157.78 156.42
14.94 120 158.41 156.41
14.96 120 158.99 156.22
14.98 120 158.99 156.72
15.00 120 157.27 156.02
15.02 135 158.77 155.19
15.04 135 159.62 154.76
15.06 135 160.15 154.41
15.08 135 160.37 154.11
15.09 135 160.89 154.50
15.11 135 161.30 155.65
15.13 135 160.90 156.68
15.15 135 161.22 156.86
15.17 135 162.84 157.23
15.19 135 163.82 158.42
15.21 135 163.85 159.14
15.22 135 163.82 160.35
15.24 135 164.24 161.24
15.26 135 164.80 161.00
15.28 135 164.85 161.55
15.30 135 164.78 163.05
15.31 135 165.28 164.76
15.33 135 166.45 164.79
15.35 135 166.75 163.66
15.37 135 166.24 163.79
15.39 135 166.18 163.57
15.41 135 166.91 163.05
15.42 135 168.00 163.43
15.44 135 168.45 163.48
15.46 135 168.34 163.13
15.48 135 168.02 162.91
15.50 135 167.34 163.07
15.52 135 167.05 163.99
15.54 135 167.84 163.96
15.55 135 167.80 163.80
15.57 135 168.18 164.28
15.59 135 168.18 165.05
15.61 135 168.53 165.37
15.62 135 167.30 165.47
15.64 135 168.32 165.52
15.66 135 168.32 165.67
15.68 135 169.09 166.07
15.69 135 169.09 166.87
15.71 135 169.36 167.90
15.73 135 168.33 166.34
15.75 135 168.62 164.36
15.77 135 169.50 164.21
15.79 135 169.71 164.53
15.81 135 169.48 164.65
15.83 135 169.47 164.06
15.84 135 168.80 163.42
15.86 135 168.77 163.18
15.88 135 168.87 162.93
15.90 135 168.53 163.61
15.92 135 168.98 164.73
15.94 135 169.35 164.51
15.95 135 169.26 164.74
15.97 135 168.30 165.06
15.99 135 167.65 165.35
16.01 135 167.76 166.01
16.02 135 168.26 166.06
16.04 135 168.69 166.43
16.06 135 168.25 165.99
16.08 135 167.76 165.73
16.10 135 167.63 166.00
16.12 135 168.09 165.42
16.13 135 169.09 164.39
16.15 135 169.51 164.31
16.17 135 169.17 164.47
16.19 135 168.73 163.96
16.21 135 168.35 163.81
16.23 135 168.98 163.86
16.25 135 169.20 163.41
16.26 135 168.20 162.99
16.28 135 167.97 164.20
16.30 135 168.69 165.33
16.32 135 169.48 165.17
16.34 135 169.10 164.65
16.35 135 167.96 164.74
16.37 135 167.43 165.53
16.39 135 167.83 166.51
16.41 135 168.74 166.39
16.42 135 168.55 165.97
16.44 135 167.98 166.32
16.46 135 167.77 165.42
16.48 135 168.40 165.11
16.50 135 170.58 165.37
16.52 135 170.44 164.42
16.54 135 169.34 163.61
16.55 135 167.84 163.50
16.57 135 168.43 163.90
16.59 135 169.67 164.40
16.61 135 169.33 163.99
16.63 135 168.56 164.00
16.64 135 168.26 165.48
16.66 135 168.79 165.56
16.68 135 168.99 165.95
16.70 135 168.32 166.47
16.72 135 167.65 165.64
16.74 135 167.65 165.44
16.75 135 168.27 165.77
16.77 135 168.40 166.88
16.79 135 168.11 166.79
16.81 135 167.81 165.41
16.83 135 167.55 165.03
16.84 135 168.03 164.93
16.86 135 168.91 164.10
16.88 135 169.35 164.02
16.90 135 168.91 164.10
16.92 135 167.53 163.08
16.94 135 167.43 162.73
16.96 135 168.52 163.29
16.97 135 168.74 163.17
16.99 135 168.67 163.17
17.01 135 168.57 163.67
17.03 135 168.64 164.00
17.05 135 168.45 164.44
17.06 135 167.87 165.15
17.08 135 167.65 165.18
17.10 135 168.13 164.90
17.12 135 168.85 165.18
17.14 135 168.63 164.80
17.15 135 168.03 165.63
17.17 135 167.80 167.06
17.19 135 167.92 165.69
17.21 135 168.46 163.71
17.23 135 168.20 162.94
17.25 135 168.98 163.10
17.27 135 168.20 164.04
17.29 135 168.32 163.40
17.30 135 168.91 162.36
17.32 135 168.75 162.58
17.34 135 168.52 162.49
17.36 135 168.57 163.50
17.38 135 168.77 164.51
17.39 135 168.38 163.59
17.41 135 167.72 164.19
17.43 135 167.65 164.78
17.45 135 168.22 164.74
17.47 135 168.77 165.11
17.48 135 168.45 166.13
17.50 135 167.92 166.70
17.52 135 167.82 165.51
17.54 135 167.92 165.28
17.56 135 168.51 165.59
17.57 135 168.91 165.38
17.60 135 168.79 164.68
17.61 135 168.44 164.36
17.63 135 168.00 164.09
17.65 135 168.75 164.34
17.67 135 169.45 164.91
17.69 135 168.62 164.61
17.70 135 168.06 163.55
17.72 135 168.39 163.28
17.74 135 169.29 164.40
17.76 135 169.26 165.25
17.78 135 168.37 165.62
17.80 135 168.08 165.09
17.81 135 168.71 164.90
17.83 135 169.51 165.19
17.85 135 169.05 166.02
17.87 135 168.31 166.41
17.88 135 167.89 165.80
17.90 135 168.06 166.25
17.92 135 168.97 166.06
17.94 135 169.42 165.00
17.96 135 169.34 164.56
17.98 135 168.53 164.70
18.00 135 168.34 164.15
18.02 135 169.71 163.55
18.03 135 169.30 164.29
18.05 135 168.74 164.86
18.07 135 168.69 164.08
18.09 135 169.15 163.67
18.10 135 169.15 165.10
18.12 135 168.58 165.55
18.14 135 168.49 166.04
18.16 135 168.70 166.46
18.18 135 168.95 165.55
18.20 135 168.81 165.69
18.21 135 168.38 165.85
18.23 135 168.09 167.19
18.25 135 167.81 167.50
18.27 135 168.29 165.66
18.29 135 169.10 165.53
18.30 135 169.37 165.36
18.32 135 168.66 164.50
18.34 135 167.19 164.56
18.36 135 167.32 165.55
18.38 135 168.59 164.90
18.40 135 169.19 163.69
18.41 135 169.11 164.15
18.43 135 168.62 164.57
18.45 135 168.30 164.55
18.47 135 168.02 164.34
18.49 135 168.04 164.56
18.51 135 168.15 164.21
18.52 135 168.33 164.41
18.54 135 168.39 165.56
18.56 135 168.10 165.46
18.58 135 168.06 165.18
18.60 135 168.07 166.08
18.61 135 168.04 166.13
18.63 135 168.21 165.74
18.65 135 168.40 165.85
18.67 135 168.66 165.09
18.69 135 168.65 164.45
18.71 135 167.69 164.13
18.72 135 167.32 163.85
18.74 135 167.70 164.28
18.76 135 168.01 164.13
18.78 135 167.81 164.20
18.80 135 168.30 164.10
18.82 135 168.30 163.71
18.83 135 167.89 164.76
18.85 135 167.69 164.72
18.87 135 168.84 164.43
18.89 135 169.14 164.64
18.91 135 169.14 165.07
18.92 135 167.26 165.44
18.94 135 168.64 165.49
18.96 135 168.93 166.34
18.98 135 169.48 166.01
19.00 135 169.46 165.18
19.01 135 169.03 165.73
19.03 135 168.73 165.63
19.05 135 168.33 164.40
19.07 135 168.81 164.13
19.09 135 168.86 164.48
19.11 135 167.89 164.24
19.13 135 167.90 163.98
19.14 135 168.79 163.98
19.16 135 169.55 164.12
19.18 135 168.87 164.20
19.20 135 167.57 164.61
19.22 135 167.20 165.06
19.23 135 168.15 165.34
19.25 135 169.15 164.85
19.27 135 168.57 164.24
19.29 135 167.63 165.14
19.30 135 167.38 166.36
19.32 135 168.06 166.42
19.34 135 169.50 166.48
19.36 135 170.10 166.61
19.38 135 169.41 165.73
19.40 135 168.34 165.02
19.42 135 167.38 165.06
19.43 135 168.19 164.73
19.45 135 169.19 163.84
19.47 135 168.52 164.24
19.49 135 168.05 164.37
19.51 135 168.46 164.18
19.53 135 169.31 164.31
19.54 135 169.08 163.98
19.56 135 167.65 164.46
19.58 135 166.87 164.79
19.60 135 167.49 165.60
19.62 135 168.86 166.06
19.63 135 168.96 164.99
19.65 135 167.86 164.83
19.67 135 167.24 165.95
19.69 135 167.63 167.26
19.71 135 168.80 166.87
19.72 135 169.38 165.84
19.74 135 169.16 165.53
19.76 135 168.54 164.80
19.78 135 167.55 164.14
19.80 135 167.87 164.58
19.82 135 169.37 164.68
19.84 135 168.74 163.55
19.85 135 168.52 163.06
19.87 135 168.71 163.47
19.89 135 168.60 163.69
19.91 135 168.04 163.84
19.93 135 167.47 164.12
19.94 135 167.64 164.69
19.96 135 168.46 165.08
19.98 135 168.58 165.32
20.00 135 167.77 165.20
20.02 150 167.34 164.83
20.04 150 167.58 164.83
20.05 150 168.49 166.20
20.07 150 169.32 167.27
20.09 150 169.80 168.55
20.11 150 170.02 168.80
20.12 150 169.73 166.72
20.14 150 170.62 166.66
20.16 150 171.72 167.69
20.18 150 171.39 168.11
20.20 150 171.38 168.20
20.21 150 171.96 168.13
20.23 150 172.73 168.83
20.25 150 172.64 168.82
20.26 150 171.82 168.97
20.28 150 171.63 170.49
20.30 150 172.82 170.44
20.32 150 174.29 170.12
20.33 150 174.01 170.95
20.35 150 173.11 171.45
20.37 150 172.96 172.05
20.39 150 173.96 172.52
20.40 150 175.57 172.74
20.42 150 175.86 172.53
20.44 150 174.85 172.90
20.46 150 174.26 173.56
20.47 150 174.54 172.72
20.49 150 175.96 171.56
20.51 150 176.50 171.21
20.53 150 175.00 172.46
20.54 150 173.96 172.51
20.56 150 174.45 171.62
20.58 150 175.87 171.65
20.60 150 176.08 171.67
20.61 150 174.81 171.50
20.63 150 173.98 171.66
20.65 150 174.87 172.56
20.67 150 176.04 172.79
20.68 150 175.69 172.34
20.70 150 174.63 172.59
20.72 150 173.94 173.64
20.73 150 174.85 174.00
20.75 150 176.16 173.80
20.77 150 176.07 173.54
20.79 150 175.31 173.31
20.80 150 175.10 173.20
20.82 150 176.26 172.64
20.84 150 177.75 172.33
20.86 150 176.57 172.20
20.88 150 175.18 171.55
20.89 150 174.90 170.84
20.91 150 175.96 171.68
20.93 150 176.33 172.29
20.94 150 175.34 171.44
20.96 150 174.46 171.66
20.98 150 174.65 172.59
21.00 150 176.09 172.48
21.01 150 176.43 172.62
21.03 150 175.08 172.93
21.05 150 174.16 172.52
21.06 150 174.72 172.46
21.08 150 176.28 172.87
21.10 150 176.98 174.33
21.12 150 176.48 174.18
21.13 150 175.72 172.87
21.15 150 174.93 172.59
21.17 150 175.40 172.30
21.19 150 176.10 171.67
21.21 150 175.45 171.35
21.22 150 174.83 171.92
21.24 150 174.78 171.02
21.26 150 175.29 170.11
21.28 150 175.33 170.81
21.29 150 174.63 171.19
21.31 150 173.97 171.80
21.33 150 174.16 171.94
21.35 150 174.97 171.34
21.36 150 175.02 171.47
21.38 150 174.32 172.30
21.40 150 173.76 172.51
21.41 150 174.05 172.24
21.43 150 175.01 172.67
21.45 150 175.48 172.73
21.47 150 175.44 173.71
21.48 150 175.14 174.69
21.50 150 174.56 173.75
21.52 150 175.23 172.29
21.54 150 175.60 171.53
21.55 150 174.61 171.18
21.57 150 174.22 170.64
21.59 150 174.54 170.59
21.61 150 175.32 170.59
21.63 150 175.12 170.13
21.64 150 173.98 169.78
21.66 150 173.38 170.43
21.68 150 174.19 171.63
21.70 150 175.29 171.36
21.71 150 174.57 171.63
21.73 150 173.68 172.01
21.75 150 173.56 171.72
21.76 150 173.75 173.03
21.78 150 175.04 173.20
21.80 150 175.22 173.49
21.82 150 174.87 173.55
21.83 150 174.30 172.44
21.85 150 176.09 172.75
21.87 150 177.85 172.29
21.89 150 176.05 170.96
21.91 150 174.66 170.72
21.92 150 174.73 170.96
21.94 150 176.15 171.25
21.96 150 176.64 171.01
21.98 150 175.27 170.46
21.99 150 173.84 170.63
22.01 150 174.15 170.99
22.03 150 175.74 171.24
22.05 150 176.00 171.57
22.06 150 174.82 172.58
22.08 150 173.56 172.21
22.10 150 173.98 172.03
22.11 150 176.29 172.52
22.13 150 177.50 172.94
22.15 150 176.64 173.14
22.17 150 174.98 173.10
22.18 150 173.97 173.50
22.20 150 175.50 172.66
22.22 150 177.02 171.79
22.24 150 176.02 171.90
22.26 150 174.32 171.47
22.27 150 173.73 170.14
22.29 150 174.91 170.32
22.31 150 175.87 170.48
22.33 150 175.05 170.57
22.34 150 173.67 171.13
22.36 150 173.61 170.81
22.38 150 175.04 171.55
22.39 150 175.74 171.72
22.41 150 174.80 172.11
22.43 150 173.65 172.53
22.45 150 173.73 171.98
22.46 150 175.20 171.95
22.48 150 176.02 172.42
22.50 150 175.52 173.68
22.52 150 174.72 174.01
22.53 150 173.93 172.76
22.55 150 174.67 171.21
22.57 150 175.93 171.06
22.59 150 175.43 170.99
22.61 150 174.44 170.51
22.62 150 173.88 170.18
22.64 150 174.10 169.80
22.66 150 174.17 170.46
22.68 150 174.13 170.74
22.69 150 174.00 170.70
22.71 150 173.85 170.97
22.73 150 173.78 170.64
22.75 150 173.86 170.50
22.76 150 173.86 171.63
22.78 150 174.58 172.15
22.80 150 173.59 172.18
22.81 150 174.68 172.26
22.83 150 174.68 172.44
22.85 150 174.79 172.69
22.87 150 174.79 172.58
22.88 150 174.31 173.77
22.90 150 175.39 173.22
22.92 150 175.58 170.91
22.94 150 174.93 170.38
22.96 150 174.94 171.35
22.97 150 175.25 171.83
22.99 150 174.77 171.02
23.01 150 174.02 170.14
23.03 150 173.81 170.40
23.05 150 174.31 170.33
23.06 150 174.79 170.96
23.08 150 174.11 171.98
23.10 150 173.23 171.21
23.11 150 173.17 170.70
23.13 150 173.94 171.55
23.15 150 175.10 172.18
23.17 150 175.32 172.56
23.18 150 174.54 173.68
23.20 150 174.03 173.51
23.22 150 173.97 172.57
23.23 150 175.19 172.94
23.25 150 175.88 173.29
23.27 150 174.58 172.29
23.29 150 173.61 171.14
23.30 150 174.01 171.47
23.32 150 175.15 171.99
23.34 150 175.01 171.35
23.36 150 173.92 170.71
23.38 150 173.45 170.55
23.39 150 174.23 170.66
23.41 150 175.11 170.60
23.43 150 174.43 170.88
23.45 150 173.54 171.59
23.46 150 173.55 171.82
23.48 150 174.67 171.50
23.50 150 176.13 171.72
23.52 150 176.57 172.36
23.53 150 175.92 172.84
23.55 150 174.89 172.84
23.57 150 173.93 172.13
23.58 150 174.76 172.30
23.60 150 176.15 172.75
23.62 150 175.67 172.17
23.64 150 174.79 171.66
23.66 150 174.46 171.36
23.67 150 174.96 170.47
23.69 150 175.19 170.22
23.71 150 174.30 170.64
23.73 150 173.62 171.06
23.74 150 174.00 170.65
23.76 150 173.99 170.30
23.78 150 173.80 171.00
23.80 150 173.74 171.18
23.81 150 173.32 171.84
23.83 150 175.14 172.24
23.85 150 176.38 172.18
23.87 150 176.12 172.38
23.88 150 176.12 172.28
23.90 150 174.78 173.94
23.92 150 175.24 174.15
23.93 150 175.75 172.32
23.95 150 175.37 172.25
23.97 150 174.95 171.96
23.99 150 174.88 170.88
24.01 150 175.04 170.92
24.02 150 174.61 170.92
24.04 150 173.80 170.61
24.06 150 173.16 170.39
24.08 150 173.73 170.68
24.09 150 174.86 170.98
24.11 150 174.52 170.82
24.13 150 173.47 171.56
24.15 150 173.24 171.78
24.16 150 174.25 171.43
24.18 150 175.43 171.65
24.20 150 175.24 172.32
24.22 150 174.36 172.59
24.23 150 174.22 172.28
24.25 150 174.31 172.60
24.27 150 174.91 172.84
24.28 150 174.84 173.80
24.30 150 173.73 173.53
24.32 150 174.07 171.43
24.34 150 175.06 171.02
24.36 150 175.35 171.21
24.37 150 174.26 171.30
24.39 150 172.78 170.85
24.41 150 172.52 170.52
24.43 150 173.67 170.60
24.44 150 174.98 170.23
24.46 150 174.37 171.24
24.48 150 172.89 172.20
24.50 150 172.71 171.51
24.51 150 173.97 171.48
24.53 150 175.72 171.70
24.55 150 175.75 172.00
24.56 150 174.30 172.52
24.58 150 173.63 172.39
24.60 150 173.95 173.59
24.62 150 175.19 173.69
24.63 150 175.59 172.25
24.65 150 174.30 172.85
24.67 150 173.50 172.65
24.69 150 174.09 171.01
24.71 150 175.02 170.57
24.72 150 174.65 170.67
24.74 150 173.35 170.60
24.76 150 172.76 170.78
24.78 150 173.43 170.55
24.79 150 174.56 170.15
24.81 150 174.42 170.90
24.83 150 173.46 171.55
24.85 150 173.14 171.61
24.86 150 173.95 171.70
24.88 150 174.94 171.18
24.90 150 174.61 171.66
24.91 150 174.61 172.41
24.93 150 174.69 172.54
24.95 150 173.90 172.91
24.97 150 174.11 172.93
24.98 150 174.85 172.83
25.00 165 174.76 172.59
25.02 165 173.98 172.06
25.04 165 173.57 172.04
25.05 165 174.82 171.72
25.07 165 175.19 170.65
25.09 165 174.70 171.09
25.11 165 175.26 172.18
25.12 165 176.65 172.70
25.14 165 177.39 172.86
25.16 165 177.24 173.64
25.18 165 176.90 174.20
25.19 165 177.13 174.28
25.21 165 178.25 175.23
25.23 165 179.05 175.43
25.24 165 179.26 175.37
25.26 165 178.91 175.83
25.28 165 178.48 176.59
25.29 165 179.58 178.48
25.31 165 180.51 178.42
25.33 165 179.93 177.52
25.34 165 179.49 177.69
25.36 165 179.59 176.99
25.38 165 180.02 176.28
25.39 165 179.92 176.78
25.41 165 179.11 177.37
25.43 165 178.88 176.55
25.45 165 179.90 176.58
25.46 165 181.01 176.83
25.48 165 180.49 176.75
25.50 165 179.17 177.07
25.51 165 178.80 177.23
25.53 165 179.74 178.04
25.55 165 181.04 178.38
25.56 165 180.88 177.80
25.58 165 179.99 178.66
25.60 165 179.85 179.09
25.61 165 180.08 178.04
25.63 165 181.30 179.00
25.65 165 181.68 179.60
25.66 165 180.20 180.26
25.68 165 179.59 180.52
25.70 165 180.21 178.65
25.72 165 181.09 177.54
25.73 165 180.68 177.54
25.75 165 179.55 178.09
25.77 165 179.25 177.72
25.78 165 180.35 177.07
25.80 165 181.53 177.23
25.82 165 180.92 176.80
25.83 165 179.77 176.99
25.85 165 179.26 178.41
25.87 165 179.70 178.25
25.88 165 180.72 178.11
25.90 165 180.92 178.48
25.92 165 180.30 178.20
25.93 165 179.90 179.26
25.95 165 180.05 179.94
25.97 165 181.25 179.09
25.98 165 181.57 179.41
26.00 165 180.20 179.67
26.02 165 179.88 179.90
26.04 165 180.52 179.54
26.05 165 181.32 177.99
26.07 165 181.06 177.60
26.09 165 179.90 177.27
26.10 165 179.52 178.03
26.12 165 180.47 178.62
26.14 165 180.92 178.03
26.15 165 180.34 177.22
26.17 165 179.71 176.76
26.19 165 179.21 178.63
26.20 165 179.87 179.51
26.22 165 180.45 178.73
26.24 165 179.90 177.97
26.26 165 179.18 178.13
26.27 165 179.37 179.03
26.29 165 181.87 179.14
26.30 165 181.87 179.53
26.32 165 181.18 178.87
26.34 165 181.18 179.21
26.36 165 181.29 179.73
26.37 165 182.24 178.43
26.39 165 182.17 178.73
26.41 165 180.99 178.43
26.42 165 180.11 177.24
26.44 165 180.30 177.05
26.46 165 181.65 177.27
26.47 165 181.90 178.48
26.49 165 180.84 178.27
26.51 165 180.03 177.55
26.52 165 180.02 178.80
26.54 165 180.73 178.90
26.56 165 180.98 178.99
26.57 165 180.88 179.27
26.59 165 180.44 178.42
26.61 165 179.58 178.30
26.63 165 180.14 178.59
26.64 165 181.20 179.56
26.66 165 180.99 179.59
26.68 165 180.66 178.89
26.69 165 180.48 178.76
26.71 165 180.61 177.72
26.73 165 180.38 178.19
26.74 165 179.73 178.65
26.76 165 179.59 177.73
26.78 165 180.14 177.47
26.80 165 181.03 177.13
26.81 165 180.69 177.62
26.83 165 179.99 178.42
26.85 165 179.96 177.86
26.86 165 180.23 177.38
26.88 165 180.80 178.14
26.89 165 180.60 178.74
26.91 165 180.04 178.13
26.93 165 179.79 177.78
26.95 165 179.57 179.19
26.96 165 180.35 179.27
26.98 165 180.74 178.46
27.00 165 180.00 179.17
27.01 165 180.18 180.24
27.03 165 180.79 179.76
27.05 165 180.83 178.06
27.06 165 179.90 177.64
27.08 165 178.88 177.86
27.10 165 178.88 178.40
27.12 165 180.03 178.31
27.13 165 180.88 177.50
27.15 165 180.30 177.02
27.17 165 179.71 177.01
27.18 165 179.73 178.40
27.20 165 180.20 179.04
27.22 165 181.09 178.04
27.23 165 181.06 178.25
27.25 165 180.23 178.64
27.27 165 179.97 178.05
27.28 165 180.18 178.22
27.30 165 181.28 178.97
27.31 165 181.58 179.74
27.33 165 180.15 179.58
27.35 165 179.69 178.97
27.37 165 180.42 179.88
27.38 165 181.27 179.37
27.40 165 180.83 177.46
27.42 165 179.45 177.64
27.44 165 179.09 177.94
27.45 165 180.42 177.85
27.47 165 181.93 178.25
27.49 165 181.40 178.26
27.50 165 180.19 177.88
27.52 165 179.65 177.57
27.54 165 180.36 178.15
27.55 165 181.53 178.91
27.57 165 181.52 178.56
27.59 165 180.85 177.62
27.60 165 180.06 177.88
27.62 165 179.94 178.94
27.64 165 180.53 179.43
27.65 165 181.09 179.61
27.67 165 180.77 179.70
27.69 165 180.18 179.40
27.70 165 180.56 179.31
27.72 165 180.66 178.97
27.74 165 180.06 178.07
27.75 165 179.46 177.85
27.77 165 180.50 177.49
27.79 165 182.06 177.54
27.81 165 182.09 177.84
27.82 165 180.43 177.92
27.84 165 179.69 177.63
27.86 165 180.34 177.20
27.87 165 181.53 178.71
27.89 165 181.72 179.00
27.90 165 181.18 178.70
27.92 165 180.76 179.02
27.94 165 180.43 178.50
27.96 165 181.34 178.57
27.97 165 181.85 178.69
27.99 165 180.72 179.07
28.01 165 180.20 179.40
28.02 165 180.61 178.56
28.04 165 181.25 178.37
28.06 165 180.80 178.36
28.07 165 179.69 177.68
28.09 165 179.30 178.14
28.11 165 180.17 178.11
28.13 165 181.31 177.39
28.14 165 180.98 177.35
28.16 165 179.84 177.78
28.18 165 179.30 177.82
28.19 165 180.06 177.97
28.21 165 181.29 178.36
28.23 165 181.43 178.14
28.24 165 180.76 178.23
28.26 165 180.24 178.93
28.28 165 180.13 179.13
28.29 165 181.20 178.73
28.31 165 181.59 178.51
28.32 165 180.37 179.06
28.34 165 180.08 179.43
28.36 165 180.71 179.87
28.38 165 181.30 179.49
28.39 165 180.72 178.12
28.41 165 179.41 178.40
28.43 165 178.93 178.70
28.44 165 179.97 178.15
28.46 165 181.14 178.54
28.48 165 180.65 178.35
28.49 165 179.30 178.51
28.51 165 178.95 178.27
28.53 165 180.23 177.74
28.55 165 181.86 179.05
28.56 165 181.82 178.74
28.58 165 180.60 178.18
28.60 165 179.96 178.78
28.61 165 180.13 178.62
28.63 165 181.70 178.42
28.64 165 182.31 179.21
28.66 165 180.57 179.95
28.68 165 179.35 179.57
28.70 165 179.98 179.06
28.71 165 181.53 180.23
28.73 165 181.58 180.10
28.75 165 179.94 178.28
28.76 165 178.64 178.89
28.78 165 179.59 179.06
28.80 165 181.52 178.41
28.81 165 181.57 179.32
28.83 165 180.29 178.98
28.85 165 179.14 177.94
28.87 165 179.86 177.83
28.88 165 182.13 178.91
28.90 165 183.07 179.36
28.92 165 181.88 178.91
28.93 165 180.36 178.31
28.95 165 179.72 177.86
28.97 165 181.09 178.67
28.98 165 182.32 178.86
29.00 165 181.15 179.34
29.02 165 179.73 179.29
29.03 165 179.68 179.36
29.05 165 181.01 179.37
29.07 165 181.53 178.50
29.08 165 180.29 178.54
29.10 165 179.06 178.15
29.12 165 179.28 178.87
29.13 165 181.15 178.59
29.15 165 181.24 177.33
29.17 165 179.68 179.15
29.19 165 179.36 179.02
29.20 165 179.28 177.81
29.22 165 181.35 178.71
29.24 165 182.32 178.74
29.25 165 182.32 178.76
29.27 165 180.57 178.56
29.29 165 181.39 178.34
29.30 165 183.98 178.52
29.32 165 182.97 178.35
29.33 165 182.97 179.21
29.35 165 180.83 179.37
29.37 165 181.39 178.55
29.39 165 181.58 178.71
29.40 165 180.82 178.41
29.42 165 179.78 177.88
29.44 165 179.96 178.14
29.46 165 181.10 177.86
29.47 165 181.29 176.97
29.49 165 180.32 177.29
29.51 165 179.54 177.73
29.52 165 179.76 177.81
29.54 165 180.74 177.94
29.56 165 181.16 177.59
29.57 165 180.82 178.08
29.59 165 180.37 178.72
29.61 165 180.04 178.05
29.62 165 181.04 178.12
29.64 165 181.62 178.39
29.66 165 180.46 177.70
29.67 165 179.59 178.45
29.69 165 179.62 179.36
29.71 165 180.42 179.69
29.72 165 180.49 179.49
29.74 165 179.50 178.08
29.76 165 178.83 177.76
29.77 165 179.55 178.16
29.79 165 181.09 177.98
29.81 165 180.92 177.78
29.83 165 179.61 177.45
29.84 165 178.90 177.56
29.86 165 179.64 177.66
29.88 165 181.32 177.45
29.89 165 181.60 178.30
29.91 165 180.62 178.24
29.93 165 179.89 177.39
29.94 165 180.08 177.70
29.96 165 181.61 178.26
29.98 165 182.19 178.74
29.99 165 180.54 179.21
30.01 180 179.28 180.07
30.03 180 179.70 179.60
30.04 180 181.41 179.55
30.06 180 182.06 180.44
30.08 180 180.89 179.48
30.09 180 179.87 179.00
30.11 180 180.90 179.53
30.13 180 182.74 180.46
30.14 180 183.24 180.91
30.16 180 182.54 180.59
30.18 180 181.54 180.93
30.19 180 182.16 180.45
30.21 180 184.41 180.11
30.23 180 185.74 181.86
30.24 180 185.27 182.34
30.26 180 184.15 181.78
30.28 180 183.36 181.51
30.29 180 184.90 181.30
30.31 180 186.44 182.42
30.32 180 185.57 183.81
30.34 180 184.36 183.76
30.36 180 183.86 183.33
30.37 180 184.71 183.26
30.39 180 185.44 183.38
30.40 180 184.90 183.21
30.42 180 183.97 182.53
30.44 180 184.08 182.06
30.46 180 185.23 181.95
30.47 180 185.77 182.16
30.49 180 185.46 182.26
30.50 180 184.46 182.47
30.52 180 184.16 182.39
30.54 180 185.09 181.90
30.56 180 185.41 181.88
30.57 180 185.04 182.59
30.59 180 184.86 182.95
30.60 180 184.62 183.07
30.62 180 185.05 183.01
30.64 180 185.27 182.96
30.65 180 184.77 183.20
30.67 180 185.12 184.31
30.69 180 185.38 184.07
30.70 180 184.51 183.06
30.72 180 184.14 183.01
30.73 180 184.83 182.14
30.75 180 185.79 181.62
30.77 180 185.98 181.94
30.78 180 185.98 183.14
30.80 180 184.44 182.45
30.82 180 185.70 180.98
30.83 180 186.06 182.04
30.85 180 186.58 182.32
30.87 180 186.14 181.85
30.88 180 185.38 182.07
30.90 180 185.10 181.96
30.92 180 185.41 182.31
30.93 180 186.72 183.14
30.95 180 186.78 183.12
30.97 180 185.30 182.57
30.98 180 185.08 183.06
31.00 180 185.83 183.27
31.01 180 186.23 183.71
31.03 180 185.37 184.81
31.05 180 184.10 184.11
31.06 180 184.03 182.50
31.08 180 185.25 181.51
31.10 180 186.50 182.28
31.11 180 185.74 182.46
31.13 180 184.41 181.43
31.15 180 184.20 181.25
31.16 180 185.16 181.61
31.18 180 186.54 181.53
31.20 180 186.38 181.59
31.21 180 185.08 183.37
31.23 180 184.40 183.20
31.25 180 184.74 182.13
31.26 180 186.15 182.61
31.28 180 186.70 182.53
31.29 180 185.40 183.31
31.31 180 185.14 184.16
31.33 180 185.72 184.40
31.34 180 186.28 183.68
31.36 180 185.83 183.01
31.38 180 184.34 183.67
31.39 180 183.86 183.30
31.41 180 185.31 182.33
31.43 180 187.07 182.02
31.44 180 186.50 182.10
31.46 180 184.81 182.17
31.48 180 184.31 182.06
31.49 180 185.58 182.38
31.51 180 187.44 181.71
31.53 180 187.68 181.07
31.54 180 186.31 181.83
31.56 180 184.95 182.23
31.57 180 184.66 182.16
31.59 180 185.65 181.69
31.61 180 186.26 181.95
31.62 180 185.96 183.00
31.64 180 185.44 183.49
31.65 180 185.31 183.66
31.67 180 185.98 183.12
31.69 180 185.57 183.74
31.71 180 184.42 184.00
31.72 180 183.83 182.57
31.74 180 186.21 182.71
31.76 180 186.86 182.38
31.77 180 186.86 182.11
31.79 180 183.90 181.87
31.81 180 185.85 181.49
31.82 180 187.27 181.83
31.84 180 187.47 181.68
31.86 180 186.54 181.70
31.87 180 185.48 181.74
31.89 180 185.12 181.88
31.90 180 186.38 182.81
31.92 180 187.11 182.55
31.94 180 186.11 181.74
31.95 180 185.36 181.86
31.97 180 185.32 182.52
31.98 180 185.77 183.76
32.00 180 185.61 183.44
32.02 180 184.66 182.97
32.04 180 184.08 182.79
32.05 180 184.60 181.87
32.07 180 186.18 181.40
32.09 180 186.50 181.37
32.10 180 185.60 182.70
32.12 180 184.85 182.23
32.14 180 185.13 180.80
32.15 180 186.18 182.13
32.17 180 186.25 182.54
32.19 180 185.65 181.81
32.20 180 185.08 182.80
32.22 180 185.08 182.78
32.23 180 186.39 181.96
32.25 180 186.86 182.29
32.27 180 185.66 182.23
32.28 180 185.40 182.48
32.30 180 185.95 182.80
32.32 180 186.38 182.85
32.33 180 185.69 183.54
32.35 180 184.50 185.02
32.37 180 184.18 184.06
32.38 180 185.26 181.83
32.40 180 186.11 181.84
32.42 180 185.72 182.13
32.43 180 185.14 182.14
32.45 180 184.82 181.91
32.47 180 185.28 181.01
32.48 180 186.03 181.80
32.50 180 186.14 181.80
32.52 180 185.53 181.14
32.53 180 185.05 182.20
32.55 180 186.41 181.84
32.57 180 186.41 181.71
32.58 180 185.73 181.64
32.60 180 183.73 182.11
32.61 180 184.26 183.42
32.63 180 186.39 183.21
32.65 180 186.39 183.45
32.66 180 186.81 183.13
32.68 180 184.39 182.93
32.70 180 186.00 183.34
32.71 180 187.45 182.28
32.73 180 187.01 181.78
32.75 180 186.29 181.28
32.76 180 186.00 182.18
32.78 180 186.17 182.32
32.80 180 186.93 181.64
32.81 180 187.16 181.89
32.83 180 186.57 181.08
32.84 180 185.72 181.55
32.86 180 185.35 182.23
32.88 180 186.73 182.54
32.89 180 187.45 182.41
32.91 180 186.12 181.38
32.93 180 185.27 182.00
32.94 180 185.26 183.00
32.96 180 186.14 182.61
32.98 180 186.58 183.99
32.99 180 185.50 184.21
33.01 180 184.83 183.11
33.03 180 185.44 183.18
33.04 180 186.88 182.53
33.06 180 186.99 183.08
33.08 180 185.74 182.68
33.09 180 185.24 181.00
33.11 180 185.56 181.88
33.13 180 186.38 182.26
33.14 180 186.68 182.76
33.16 180 186.44 182.69
33.18 180 186.06 181.47
33.19 180 185.68 182.39
33.21 180 186.67 182.82
33.22 180 187.22 183.51
33.24 180 186.32 183.87
33.26 180 185.72 182.72
33.27 180 185.71 182.73
33.29 180 186.11 183.69
33.30 180 186.01 184.19
33.32 180 185.52 184.39
33.34 180 185.17 183.75
33.35 180 185.66 183.46
33.37 180 186.27 183.04
33.39 180 186.05 182.26
33.40 180 185.80 182.32
33.42 180 185.47 181.65
33.44 180 184.58 182.08
33.46 180 185.53 182.04
33.47 180 186.20 181.62
33.49 180 185.87 181.71
33.50 180 185.78 181.60
33.52 180 186.63 182.21
33.54 180 186.89 182.11
33.55 180 185.99 182.44
33.57 180 186.12 182.67
33.59 180 186.53 182.87
33.60 180 186.71 183.18
33.62 180 186.07 182.98
33.63 180 185.15 183.52
33.65 180 185.16 183.89
33.67 180 186.06 183.93
33.68 180 187.16 183.36
33.70 180 186.53 182.03
33.72 180 185.49 182.04
33.73 180 185.50 182.39
33.75 180 186.02 182.62
33.77 180 186.53 182.33
33.78 180 185.91 181.37
33.80 180 185.08 182.08
33.82 180 184.98 182.54
33.83 180 185.38 182.00
33.85 180 186.65 182.41
33.87 180 186.96 183.24
33.88 180 185.69 182.73
33.90 180 185.49 181.64
33.91 180 186.12 182.65
33.93 180 186.52 184.10
33.95 180 186.14 183.56
33.96 180 184.99 184.05
33.98 180 184.69 184.04
34.00 180 185.97 183.43
34.01 180 186.99 183.54
34.03 180 186.49 182.77
34.05 180 185.76 182.41
34.06 180 185.54 182.21
34.08 180 185.98 181.54
34.10 180 186.67 182.32
34.11 180 186.72 183.05
34.13 180 186.00 182.13
34.15 180 185.11 181.99
34.16 180 184.76 181.70
34.18 180 186.00 182.46
34.20 180 187.06 183.45
34.21 180 186.38 182.73
34.23 180 185.67 182.33
34.24 180 185.53 182.73
34.26 180 186.09 183.01
34.28 180 186.28 183.20
34.29 180 185.36 184.46
34.31 180 184.87 184.22
34.32 180 185.31 183.87
34.34 180 186.69 184.03
34.36 180 186.78 182.94
34.37 180 185.51 182.80
34.39 180 185.77 182.03
34.41 180 186.69 181.86
34.43 180 186.65 182.04
34.44 180 186.19 181.63
34.46 180 185.57 182.40
34.48 180 185.16 182.38
34.49 180 186.05 182.09
34.51 180 186.63 182.28
34.52 180 185.94 182.23
34.54 180 185.68 182.87
34.56 180 185.72 183.16
34.57 180 185.78 182.60
34.59 180 185.39 182.27
34.61 180 184.58 182.92
34.62 180 184.61 184.53
34.64 180 185.64 184.32
34.65 180 186.40 183.26
34.67 180 186.06 182.89
34.69 180 185.59 182.07
34.71 180 185.48 181.44
34.72 180 185.69 181.83
34.74 180 185.98 182.45
34.76 180 185.86 181.81
34.77 180 185.63 181.20
34.79 180 185.49 181.35
34.80 180 185.38 181.54
34.82 180 186.27 181.65
34.84 180 186.48 181.80
34.85 180 185.49 182.30
34.87 180 185.69 182.38
34.89 180 186.29 182.50
34.90 180 186.54 183.43
34.92 180 185.65 183.64
34.93 180 184.48 183.50
34.95 180 184.47 183.86
34.97 180 185.92 184.22
34.98 180 187.09 184.65
35.00 195 186.57 183.81
35.02 195 185.76 181.98
35.03 195 185.45 181.88
35.05 195 186.20 182.53
35.07 195 187.14 182.93
35.08 195 187.28 182.71
35.10 195 186.80 182.30
35.12 195 186.58 182.29
35.13 195 187.05 182.29
35.15 195 187.84 183.70
35.16 195 188.35 184.68
35.18 195 187.84 184.25
35.20 195 187.38 184.13
35.21 195 188.97 183.90
35.23 195 188.97 184.49
35.25 195 189.09 185.49
35.26 195 187.56 185.83
35.28 195 187.80 185.94
35.29 195 190.26 186.33
35.31 195 191.80 186.24
35.32 195 191.80 186.30
35.34 195 189.03 186.18
35.36 195 190.62 184.95
35.38 195 191.89 184.29
35.39 195 192.33 184.86
35.41 195 191.35 185.66
35.42 195 190.08 185.57
35.44 195 189.60 184.96
35.46 195 191.01 184.45
35.47 195 191.78 185.15
35.49 195 190.56 185.74
35.50 195 189.71 185.71
35.52 195 189.70 186.90
35.54 195 190.37 186.37
35.55 195 190.31 185.37
35.57 195 189.12 186.45
35.58 195 188.17 187.01
35.60 195 188.84 187.18
35.61 195 190.41 187.69
35.63 195 190.62 187.75
35.65 195 190.06 187.30
35.66 195 189.65 186.62
35.68 195 189.69 185.92
35.70 195 190.16 186.31
35.71 195 190.29 185.59
35.73 195 190.02 184.45
35.74 195 189.66 185.85
35.76 195 189.37 186.29
35.78 195 190.22 185.18
35.79 195 190.83 185.50
35.81 195 190.05 186.14
35.83 195 189.57 185.93
35.84 195 189.61 185.93
35.86 195 189.96 187.09
35.87 195 189.51 187.00
35.89 195 188.50 186.32
35.91 195 188.01 187.36
35.92 195 188.89 188.57
35.94 195 190.23 188.64
35.95 195 190.13 187.20
35.97 195 189.71 186.78
35.99 195 189.41 186.42
36.00 195 189.57 185.30
36.02 195 189.89 186.44
36.04 195 189.71 186.43
36.05 195 188.96 185.10
36.07 195 188.40 185.16
36.08 195 191.15 185.86
36.10 195 191.45 185.88
36.12 195 190.43 185.44
36.13 195 190.16 186.28
36.15 195 190.36 186.16
36.17 195 190.53 185.54
36.18 195 190.04 186.57
36.20 195 188.84 186.85
36.21 195 188.20 186.38
36.23 195 189.32 187.14
36.25 195 190.75 187.23
36.26 195 190.69 187.39
36.28 195 189.97 188.42
36.29 195 189.59 187.84
36.31 195 190.05 185.94
36.33 195 191.01 184.97
36.34 195 190.87 185.06
36.36 195 189.80 185.19
36.38 195 189.39 184.84
36.39 195 189.70 184.16
36.41 195 191.01 184.31
36.42 195 191.52 184.73
36.44 195 190.04 184.54
36.46 195 189.22 185.65
36.47 195 189.55 185.92
36.49 195 190.42 185.06
36.50 195 190.42 186.08
36.52 195 189.06 186.84
36.54 195 188.14 187.16
36.55 195 189.28 187.17
36.57 195 191.11 187.92
36.59 195 191.26 187.58
36.60 195 190.35 187.22
36.62 195 189.45 187.84
36.63 195 190.01 186.29
36.65 195 191.52 185.99
36.67 195 191.93 185.89
36.68 195 190.95 185.60
36.70 195 189.75 185.87
36.72 195 189.39 185.53
36.73 195 191.05 185.23
36.75 195 191.05 184.79
36.76 195 190.49 184.91
36.78 195 188.98 185.83
36.80 195 190.28 186.24
36.81 195 191.20 185.96
36.83 195 191.20 185.84
36.84 195 188.61 185.50
36.86 195 188.61 186.11
36.88 195 190.93 187.09
36.89 195 193.04 186.81
36.91 195 192.08 186.65
36.92 195 191.26 186.68
36.94 195 191.00 186.70
36.96 195 191.52 186.19
36.97 195 191.63 185.33
36.99 195 191.11 185.29
37.01 195 190.49 184.42
37.02 195 190.07 184.47
37.04 195 191.18 184.84
37.05 195 191.83 185.04
37.07 195 190.77 185.71
37.09 195 189.96 184.88
37.10 195 189.58 184.79
37.12 195 189.88 186.18
37.13 195 189.87 187.17
37.15 195 189.23 186.23
37.17 195 188.62 185.80
37.18 195 189.28 187.03
37.20 195 190.48 186.81
37.21 195 190.58 187.23
37.23 195 190.33 187.76
37.25 195 189.88 186.33
37.26 195 190.07 185.82
37.28 195 190.68 185.17
37.30 195 190.61 184.50
37.31 195 190.24 186.10
37.33 195 189.87 186.29
37.35 195 189.74 184.71
37.36 195 190.66 184.54
37.38 195 190.94 185.24
37.39 195 189.95 185.36
37.41 195 189.68 185.02
37.43 195 189.72 185.87
37.44 195 190.03 186.01
37.46 195 189.61 185.43
37.47 195 188.62 186.41
37.49 195 188.32 186.88
37.51 195 188.74 186.39
37.52 195 188.84 186.97
37.54 195 189.44 187.17
37.55 195 189.29 187.41
37.57 195 189.17 188.47
37.59 195 191.26 187.91
37.60 195 191.69 186.03
37.62 195 190.75 185.24
37.64 195 189.94 185.06
37.65 195 190.09 184.70
37.67 195 191.44 185.06
37.69 195 191.64 184.44
37.70 195 190.11 184.23
37.72 195 189.34 184.82
37.73 195 189.48 184.69
37.75 195 190.24 185.45
37.77 195 190.38 186.53
37.78 195 189.15 186.07
37.80 195 187.98 185.08
37.81 195 188.78 185.96
37.83 195 190.27 187.51
37.85 195 190.53 187.44
37.86 195 189.92 187.58
37.88 195 189.04 187.10
37.89 195 189.40 187.11
37.91 195 190.86 187.89
37.93 195 191.56 186.57
37.94 195 190.82 185.74
37.96 195 189.75 185.54
37.98 195 189.32 185.36
37.99 195 190.57 185.38
38.01 195 191.40 185.45
38.02 195 190.14 185.60
38.04 195 189.18 184.91
38.06 195 188.96 184.88
38.07 195 189.62 186.18
38.09 195 190.17 186.49
38.11 195 189.39 186.30
38.12 195 188.47 185.96
38.14 195 188.65 185.66
38.15 195 190.01 186.78
38.17 195 190.37 187.80
38.18 195 189.79 187.72
38.20 195 189.35 187.71
38.22 195 189.44 187.34
38.23 195 190.26 186.91
38.25 195 190.33 186.31
38.26 195 189.80 186.18
38.28 195 189.48 185.81
38.30 195 190.12 184.64
38.31 195 190.12 185.51
38.33 195 189.50 185.43
38.35 195 190.52 185.45
38.36 195 190.04 186.05
38.38 195 189.76 185.16
38.40 195 189.58 185.50
38.41 195 189.18 185.96
38.43 195 188.78 186.03
38.44 195 189.20 186.27
38.46 195 190.04 185.74
38.48 195 189.68 185.43
38.49 195 189.33 186.49
38.51 195 189.59 188.51
38.52 195 189.97 188.06
38.54 195 190.37 186.66
38.56 195 189.74 186.39
38.57 195 188.95 185.44
38.59 195 189.10 185.31
38.61 195 189.59 185.54
38.62 195 190.92 185.11
38.64 195 191.27 184.18
38.65 195 189.84 184.25
38.67 195 189.53 184.76
38.69 195 189.94 184.69
38.70 195 190.10 184.80
38.72 195 189.23 185.49
38.73 195 188.17 186.20
38.75 195 188.28 186.09
38.77 195 189.49 185.59
38.78 195 190.32 185.72
38.80 195 189.57 186.76
38.81 195 188.88 186.97
38.83 195 188.94 186.70
38.85 195 190.01 187.55
38.86 195 190.93 188.41
38.88 195 190.44 187.60
38.90 195 189.49 185.81
38.91 195 189.11 184.74
38.93 195 189.59 184.50
38.94 195 190.76 184.85
38.96 195 191.01 185.57
38.98 195 189.80 185.08
38.99 195 189.33 184.87
39.01 195 189.72 184.90
39.03 195 189.80 185.05
39.04 195 189.40 186.88
39.06 195 188.42 186.60
39.07 195 187.98 185.43
39.09 195 188.38 186.08
39.11 195 188.60 186.20
39.12 195 188.56 186.60
39.14 195 188.75 187.59
39.15 195 189.43 187.73
39.17 195 191.71 187.91
39.19 195 192.76 187.54
39.20 195 192.76 187.30
39.22 195 189.92 186.88
39.24 195 190.94 185.15
39.25 195 192.17 185.36
39.27 195 192.54 185.77
39.28 195 191.12 185.42
39.30 195 190.37 185.75
39.32 195 190.16 185.91
39.33 195 190.43 185.41
39.35 195 190.23 184.97
39.36 195 189.02 186.50
39.38 195 188.13 187.01
39.40 195 188.93 186.31
39.41 195 190.50 186.09
39.43 195 190.47 185.44
39.44 195 189.47 186.42
39.46 195 188.85 187.25
39.48 195 189.65 186.90
39.49 195 190.95 187.08
39.51 195 190.92 187.42
39.53 195 190.09 187.18
39.54 195 189.44 186.42
39.56 195 189.36 185.71
39.57 195 190.51 185.52
39.59 195 191.02 185.59
39.61 195 190.05 184.68
39.62 195 189.77 184.58
39.64 195 189.90 185.79
39.66 195 190.08 185.37
39.67 195 189.68 184.83
39.69 195 188.67 185.94
39.70 195 188.04 185.99
39.72 195 188.71 186.04
39.74 195 189.93 187.11
39.75 195 190.16 186.23
39.77 195 189.43 185.87
39.78 195 188.68 186.84
39.80 195 189.33 187.40
39.82 195 190.53 187.55
39.83 195 190.57 186.30
39.85 195 189.85 186.09
39.87 195 189.36 185.86
39.88 195 189.46 185.16
39.90 195 189.44 185.90
39.91 195 189.16 185.58
39.93 195 189.21 184.52
39.95 195 191.21 184.50
39.96 195 191.34 185.22
39.98 195 190.28 185.38
40.00 195 188.78 185.00
40.01 210 188.38 185.33
40.03 210 189.56 185.73
40.04 210 190.89 186.56
40.06 210 190.53 186.77
40.08 210 189.92 186.16
40.09 210 190.26 186.69
40.11 210 191.41 188.12
40.12 210 192.45 188.26
40.14 210 192.08 188.36
40.15 210 190.94 189.87
40.17 210 190.71 189.48
40.19 210 191.35 187.99
40.20 210 192.60 187.44
40.22 210 192.74 188.33
40.24 210 191.39 188.50
40.25 210 191.18 187.66
40.27 210 191.70 187.59
40.28 210 192.23 187.49
40.30 210 191.67 187.52
40.31 210 190.22 187.93
40.33 210 189.60 189.51
40.35 210 190.82 189.85
40.36 210 192.33 189.10
40.38 210 192.49 189.07
40.39 210 192.23 189.11
40.41 210 191.82 190.17
40.42 210 191.86 191.14
40.44 210 192.49 190.88
40.46 210 192.69 189.91
40.47 210 192.28 189.34
40.49 210 191.79 190.60
40.50 210 191.57 190.11
40.52 210 192.65 188.05
40.54 210 193.47 189.16
40.55 210 192.78 190.16
40.57 210 192.08 189.04
40.58 210 191.68 189.07
40.60 210 191.80 188.76
40.62 210 191.92 187.90
40.63 210 191.31 188.12
40.65 210 190.77 188.82
40.66 210 191.36 189.41
40.68 210 192.12 189.08
40.69 210 192.43 189.27
40.71 210 192.31 189.75
40.73 210 191.79 189.42
40.74 210 191.55 189.47
40.76 210 191.81 190.74
40.77 210 191.98 190.51
40.79 210 191.92 189.80
40.81 210 191.94 189.37
40.82 210 191.57 188.73
40.84 210 192.29 188.82
40.85 210 192.73 188.40
40.87 210 191.49 187.45
40.89 210 192.14 187.22
40.90 210 192.26 188.33
40.92 210 191.98 188.88
40.93 210 191.28 188.58
40.95 210 191.27 188.07
40.97 210 192.07 189.06
40.98 210 192.88 189.32
41.00 210 192.41 188.90
41.01 210 191.88 189.77
41.03 210 191.88 189.58
41.04 210 192.32 189.51
41.06 210 192.59 189.88
41.07 210 192.59 191.38
41.09 210 190.73 191.20
41.11 210 192.52 190.08
41.12 210 192.75 189.90
41.14 210 193.72 188.54
41.16 210 193.66 188.72
41.17 210 192.50 189.22
41.19 210 192.56 188.80
41.20 210 193.16 188.22
41.22 210 193.27 187.82
41.24 210 192.20 188.10
41.25 210 191.05 188.81
41.27 210 191.16 188.62
41.28 210 192.66 187.99
41.30 210 193.47 189.14
41.32 210 192.87 189.94
41.33 210 192.34 189.11
41.35 210 191.94 188.95
41.36 210 192.01 189.39
41.38 210 192.40 189.90
41.39 210 192.22 190.47
41.41 210 191.68 191.03
41.42 210 191.81 191.57
41.44 210 192.04 190.30
41.46 210 193.04 188.29
41.47 210 193.47 187.78
41.49 210 192.50 188.75
41.51 210 192.44 189.46
41.52 210 192.69 188.94
41.54 210 192.90 188.48
41.55 210 192.34 188.68
41.57 210 191.23 188.31
41.59 210 190.96 188.06
41.60 210 192.44 189.80
41.62 210 193.78 189.73
41.63 210 193.53 188.87
41.65 210 192.79 189.33
41.66 210 191.90 189.07
41.68 210 192.09 190.24
41.70 210 193.09 191.57
41.71 210 193.47 190.84
41.73 210 192.88 190.54
41.74 210 191.99 190.41
41.76 210 191.54 190.50
41.78 210 192.38 190.12
41.79 210 192.91 188.50
41.81 210 191.82 188.68
41.82 210 191.28 188.89
41.84 210 191.08 188.99
41.85 210 190.73 189.21
41.87 210 190.17 188.80
41.89 210 191.22 188.34
41.90 210 193.39 187.88
41.92 210 194.35 189.28
41.93 210 194.14 189.94
41.95 210 193.27 189.37
41.97 210 192.96 189.69
41.98 210 192.89 189.22
42.00 210 193.29 189.37
42.01 210 193.19 190.37
42.03 210 192.70 190.57
42.04 210 192.42 190.73
42.06 210 192.18 190.56
42.08 210 193.00 190.28
42.09 210 193.20 189.73
42.11 210 192.37 189.16
42.13 210 192.39 188.60
42.14 210 192.86 187.63
42.16 210 193.02 188.11
42.17 210 192.05 188.47
42.19 210 190.81 188.77
42.20 210 190.36 189.09
42.22 210 191.65 188.11
42.24 210 192.89 188.56
42.25 210 192.75 189.35
42.27 210 192.24 189.54
42.28 210 191.93 189.35
42.30 210 192.53 188.54
42.32 210 192.93 188.66
42.33 210 192.46 189.07
42.35 210 191.81 190.40
42.36 210 191.72 190.33
42.38 210 191.88 189.15
42.39 210 192.73 189.11
42.41 210 192.73 188.46
42.43 210 191.62 188.82
42.44 210 192.00 188.95
42.46 210 192.93 188.17
42.48 210 193.07 187.85
42.49 210 191.81 187.21
42.51 210 190.30 187.99
42.52 210 190.18 188.71
42.54 210 191.89 188.12
42.55 210 193.28 189.19
42.57 210 192.91 189.25
42.59 210 192.01 188.80
42.60 210 191.51 189.23
42.62 210 192.13 188.94
42.63 210 193.04 188.86
42.65 210 192.77 188.80
42.66 210 191.84 189.42
42.68 210 191.49 190.46
42.70 210 191.76 191.63
42.71 210 192.96 190.70
42.73 210 193.33 188.67
42.74 210 192.09 188.92
42.76 210 191.69 189.15
42.78 210 191.65 188.88
42.79 210 191.10 188.89
42.81 210 190.31 188.12
42.82 210 189.15 188.38
42.84 210 191.54 188.66
42.86 210 194.08 188.43
42.87 210 193.91 189.55
42.89 210 192.89 189.25
42.90 210 192.32 188.45
42.92 210 192.63 189.24
42.94 210 193.63 189.54
42.95 210 193.79 189.65
42.97 210 192.84 189.94
42.98 210 191.85 190.67
43.00 210 191.62 190.37
43.01 210 193.00 190.00
43.03 210 193.95 190.40
43.05 210 192.82 189.86
43.06 210 191.89 189.07
43.08 210 191.86 188.65
43.09 210 192.37 189.63
43.11 210 192.22 189.91
43.13 210 191.02 189.46
43.14 210 190.42 189.88
43.16 210 191.39 188.98
43.17 210 192.98 188.02
43.19 210 192.92 189.43
43.21 210 192.12 189.84
43.22 210 191.84 189.68
43.24 210 192.22 189.05
43.25 210 192.81 188.66
43.27 210 192.62 189.74
43.29 210 192.16 189.46
43.30 210 191.81 189.76
43.32 210 191.89 190.44
43.33 210 193.02 190.55
43.35 210 193.48 189.66
43.36 210 192.57 188.57
43.38 210 192.29 189.61
43.40 210 192.58 189.23
43.41 210 192.82 187.85
43.43 210 192.13 189.04
43.44 210 191.04 189.19
43.46 210 190.61 188.90
43.48 210 191.71 189.20
43.49 210 192.71 188.36
43.51 210 192.60 189.52
43.52 210 192.19 189.82
43.54 210 191.77 188.89
43.55 210 192.19 190.02
43.57 210 192.70 189.85
43.59 210 192.66 188.85
43.60 210 192.25 189.72
43.62 210 192.03 190.60
43.63 210 192.09 190.55
43.65 210 193.06 189.71
43.67 210 193.27 189.39
43.68 210 192.27 188.94
43.70 210 192.09 187.97
43.71 210 192.33 188.86
43.73 210 192.65 188.87
43.75 210 191.78 187.87
43.76 210 190.19 187.95
43.78 210 189.53 188.41
43.79 210 189.83 189.05
43.81 210 190.83 189.11
43.83 210 191.05 189.15
43.84 210 191.60 189.13
43.86 210 193.73 189.31
43.87 210 194.42 189.65
43.89 210 194.19 189.17
43.91 210 193.18 189.14
43.92 210 192.70 189.82
43.94 210 192.80 189.88
43.95 210 193.90 190.16
43.97 210 194.23 190.90
43.98 210 192.73 190.23
44.00 210 192.16 188.82
44.02 210 192.50 188.41
44.03 210 192.97 189.49
44.05 210 192.41 189.58
44.06 210 190.83 188.30
44.08 210 190.03 188.10
44.10 210 191.17 188.62
44.11 210 193.00 188.81
44.13 210 193.02 188.45
44.14 210 191.96 188.55
44.16 210 191.33 188.57
44.18 210 191.85 188.19
44.19 210 193.41 189.08
44.21 210 193.82 189.67
44.22 210 192.81 189.32
44.24 210 191.75 189.57
44.25 210 191.47 190.38
44.27 210 192.87 190.39
44.29 210 193.57 189.33
44.30 210 192.58 189.23
44.32 210 191.86 189.39
44.33 210 191.63 188.44
44.35 210 192.06 188.64
44.36 210 192.05 189.53
44.38 210 191.05 189.15
44.40 210 190.08 189.20
44.41 210 190.74 188.91
44.43 210 192.06 188.46
44.45 210 192.50 188.17
44.46 210 192.23 188.34
44.48 210 191.75 189.38
44.49 210 191.78 189.50
44.51 210 192.13 188.77
44.52 210 192.37 188.25
44.54 210 192.18 189.78
44.56 210 192.01 190.50
44.57 210 191.82 189.68
44.59 210 192.42 190.43
44.60 210 192.80 190.42
44.62 210 192.12 189.94
44.63 210 191.98 189.82
44.65 210 191.98 189.20
44.67 210 191.93 188.57
44.68 210 191.56 187.90
44.70 210 190.81 188.60
44.72 210 190.43 189.20
44.73 210 191.20 189.10
44.75 210 192.28 189.02
44.76 210 192.20 188.71
44.78 210 191.89 188.94
44.79 210 191.69 189.99
44.81 210 192.08 189.97
44.83 210 192.09 189.05
44.84 210 191.31 189.30
44.86 210 191.36 189.21
44.87 210 190.86 189.20
44.89 210 191.12 189.87
44.91 210 193.11 189.69
44.92 210 193.11 189.92
44.94 210 192.36 190.17
44.95 210 192.38 188.87
44.97 210 193.98 189.08
44.98 210 193.32 189.54
45.00 225 192.03 188.44
45.02 225 191.02 188.71
45.03 225 191.98 188.67
45.05 225 193.26 188.85
45.06 225 193.48 189.73
45.08 225 193.10 189.40
45.10 225 192.31 189.53
45.11 225 192.61 189.68
45.13 225 193.92 189.51
45.14 225 194.26 190.55
45.16 225 193.33 190.78
45.17 225 192.98 190.64
45.19 225 193.20 191.28
45.20 225 194.69 191.83
45.22 225 195.70 192.30
45.24 225 194.49 192.57
45.25 225 193.38 192.22
45.27 225 193.32 190.92
45.28 225 194.19 190.55
45.30 225 194.25 190.98
45.32 225 192.93 190.52
45.33 225 191.79 190.75
45.35 225 192.95 190.69
45.36 225 194.90 191.02
45.38 225 195.46 190.86
45.39 225 195.38 190.50
45.41 225 194.34 192.27
45.43 225 194.00 191.85
45.44 225 195.18 190.91
45.46 225 195.64 191.55
45.47 225 194.92 192.74
45.49 225 194.32 193.28
45.50 225 194.18 192.33
45.52 225 195.23 193.30
45.53 225 196.14 193.74
45.55 225 195.51 192.62
45.56 225 194.87 193.14
45.58 225 194.58 192.70
45.60 225 194.74 191.60
45.61 225 194.69 191.55
45.63 225 193.98 191.68
45.64 225 193.50 191.91
45.66 225 194.40 191.75
45.68 225 195.52 191.48
45.69 225 195.89 191.06
45.71 225 195.61 190.38
45.72 225 194.70 191.18
45.74 225 194.58 192.82
45.75 225 195.37 192.21
45.77 225 195.36 190.48
45.79 225 194.67 191.64
45.80 225 194.93 192.55
45.82 225 195.13 192.16
45.83 225 195.42 192.48
45.85 225 195.13 192.54
45.86 225 194.67 192.27
45.88 225 195.05 191.65
45.89 225 194.03 191.52
45.91 225 194.48 191.55
45.93 225 195.53 191.17
45.94 225 195.21 190.78
45.96 225 195.63 190.50
45.97 225 196.37 190.44
45.99 225 195.97 190.89
46.01 225 195.70 190.95
46.02 225 196.02 190.72
46.04 225 196.63 191.19
46.05 225 196.78 191.82
46.07 225 195.51 192.26
46.08 225 194.56 191.68
46.10 225 194.81 190.98
46.11 225 195.64 191.90
46.13 225 196.41 192.37
46.14 225 196.58 192.83
46.16 225 195.72 192.71
46.18 225 195.53 192.02
46.19 225 196.16 191.91
46.21 225 196.29 190.73
46.22 225 195.53 190.98
46.24 225 194.44 191.95
46.26 225 194.16 191.39
46.27 225 195.07 190.59
46.29 225 195.91 190.59
46.30 225 195.86 190.99
46.32 225 195.36 191.53
46.33 225 194.80 191.13
46.35 225 195.00 190.26
46.37 225 195.57 191.01
46.38 225 195.32 191.58
46.40 225 194.50 191.86
46.41 225 194.28 192.42
46.43 225 194.61 191.91
46.44 225 195.67 191.80
46.46 225 196.06 191.91
46.47 225 195.47 192.15
46.49 225 195.64 193.14
46.51 225 195.91 192.70
46.52 225 195.66 191.47
46.54 225 194.68 190.91
46.55 225 193.65 191.36
46.57 225 193.27 191.85
46.59 225 194.81 191.28
46.60 225 195.50 191.13
46.62 225 194.57 191.44
46.63 225 194.35 190.91
46.65 225 193.83 191.06
46.66 225 196.07 192.28
46.68 225 197.16 192.14
46.70 225 196.16 191.69
46.71 225 196.16 191.68
46.73 225 193.89 192.43
46.74 225 195.75 192.80
46.76 225 198.34 192.44
46.77 225 198.21 192.91
46.79 225 197.11 192.98
46.80 225 196.36 192.38
46.82 225 196.13 192.76
46.83 225 195.68 192.78
46.85 225 194.69 191.47
46.87 225 194.10 191.97
46.88 225 194.88 192.55
46.90 225 195.81 191.88
46.91 225 195.86 191.91
46.93 225 196.54 191.63
46.94 225 196.97 191.71
46.96 225 196.65 191.49
46.98 225 196.37 191.24
46.99 225 195.62 192.59
47.01 225 194.85 192.25
47.02 225 194.84 191.12
47.04 225 195.03 191.19
47.05 225 195.76 191.48
47.07 225 196.98 192.09
47.09 225 197.22 192.76
47.10 225 196.66 192.80
47.12 225 196.30 192.95
47.13 225 195.62 192.97
47.15 225 194.33 191.83
47.16 225 193.48 191.49
47.18 225 194.15 191.95
47.20 225 195.83 191.57
47.21 225 196.12 190.99
47.23 225 195.52 191.26
47.24 225 195.80 191.43
47.26 225 196.45 190.93
47.27 225 197.01 191.16
47.29 225 196.49 192.14
47.31 225 195.01 192.27
47.32 225 194.33 191.78
47.34 225 195.00 192.00
47.35 225 195.65 192.54
47.37 225 196.28 192.35
47.38 225 196.59 191.72
47.40 225 196.05 193.00
47.41 225 196.21 193.34
47.43 225 196.40 192.13
47.45 225 196.00 192.04
47.46 225 194.92 191.43
47.48 225 193.35 191.92
47.49 225 193.17 192.28
47.51 225 195.69 191.24
47.52 225 196.06 190.90
47.54 225 195.10 190.62
47.56 225 195.53 190.85
47.57 225 197.04 191.81
47.59 225 197.82 191.30
47.60 225 196.38 190.98
47.62 225 194.32 191.26
47.63 225 194.38 190.85
47.65 225 195.57 191.33
47.67 225 196.86 191.70
47.68 225 197.37 192.09
47.70 225 196.08 193.01
47.71 225 195.80 192.71
47.73 225 196.54 192.31
47.74 225 196.74 193.21
47.76 225 195.46 192.81
47.77 225 193.31 191.22
47.79 225 192.58 190.97
47.81 225 194.43 191.19
47.82 225 197.01 191.44
47.84 225 197.22 191.65
47.85 225 196.19 191.13
47.87 225 195.63 190.80
47.89 225 195.84 190.71
47.90 225 197.14 191.11
47.92 225 197.44 192.16
47.93 225 196.19 192.34
47.95 225 195.25 191.84
47.96 225 195.03 191.28
47.98 225 196.20 191.61
47.99 225 197.54 192.73
48.01 225 197.39 193.16
48.02 225 196.30 193.45
48.04 225 195.43 193.20
48.06 225 195.60 192.59
48.07 225 195.48 193.48
48.09 225 194.97 192.95
48.10 225 194.74 190.84
48.12 225 195.15 191.75
48.14 225 195.49 192.08
48.15 225 195.91 191.54
48.17 225 196.77 191.88
48.18 225 196.42 191.82
48.20 225 195.52 191.61
48.21 225 195.16 190.84
48.23 225 194.93 192.03
48.25 225 195.25 192.58
48.26 225 194.96 191.63
48.28 225 193.92 191.42
48.29 225 195.02 191.12
48.31 225 196.78 191.73
48.32 225 197.43 193.11
48.34 225 197.86 193.42
48.35 225 197.13 192.76
48.37 225 197.13 192.31
48.39 225 194.69 192.39
48.40 225 194.59 191.96
48.42 225 197.72 191.52
48.43 225 198.22 191.25
48.45 225 197.20 190.79
48.46 225 196.75 191.44
48.48 225 197.78 191.74
48.50 225 198.65 191.80
48.51 225 198.43 191.92
48.53 225 196.76 190.99
48.54 225 195.58 190.85
48.56 225 196.06 192.46
48.57 225 196.97 192.90
48.59 225 198.05 192.09
48.61 225 198.09 191.89
48.62 225 197.13 192.17
48.64 225 196.96 192.93
48.65 225 197.58 193.78
48.67 225 197.71 193.03
48.68 225 196.10 192.06
48.70 225 194.28 192.52
48.71 225 194.10 191.80
48.73 225 195.69 190.92
48.75 225 197.12 191.69
48.76 225 196.83 192.07
48.78 225 196.25 191.30
48.79 225 195.82 191.15
48.81 225 196.15 191.46
48.82 225 196.84 191.28
48.84 225 196.33 191.00
48.86 225 195.13 191.69
48.87 225 195.13 192.47
48.89 225 195.75 191.96
48.90 225 196.13 191.03
48.92 225 196.40 191.92
48.93 225 196.32 192.82
48.95 225 196.09 191.94
48.96 225 195.68 192.18
48.98 225 195.48 192.58
49.00 225 195.24 193.28
49.01 225 195.00 193.01
49.03 225 196.65 191.42
49.04 225 199.18 190.89
49.06 225 198.14 191.01
49.07 225 197.59 192.32
49.09 225 196.92 192.20
49.11 225 196.37 190.99
49.12 225 196.65 190.82
49.14 225 196.19 190.93
49.15 225 195.46 190.96
49.17 225 195.15 191.38
49.18 225 195.57 191.99
49.20 225 196.26 191.92
49.22 225 197.53 191.19
49.23 225 198.34 191.57
49.25 225 197.04 193.32
49.26 225 195.99 193.10
49.28 225 195.74 192.43
49.29 225 195.40 192.77
49.31 225 195.04 192.61
49.32 225 195.12 192.79
49.34 225 195.87 192.10
49.36 225 196.10 190.74
49.37 225 196.39 191.01
49.39 225 197.44 191.68
49.40 225 197.51 191.28
49.42 225 196.26 191.27
49.44 225 194.88 191.50
49.45 225 194.34 191.07
49.47 225 194.65 191.35
49.48 225 195.60 192.42
49.50 225 195.95 192.70
49.51 225 195.91 192.74
49.53 225 196.20 192.12
49.55 225 196.37 191.07
49.56 225 196.73 192.10
49.57 225 196.88 193.85
49.59 225 196.42 193.52
49.61 225 195.28 192.90
49.62 225 194.37 193.16
49.64 225 194.97 192.68
49.65 225 196.38 192.26
49.67 225 196.89 192.08
49.69 225 196.06 192.07
49.70 225 195.61 191.65
49.72 225 196.40 190.72
49.73 225 197.88 190.72
49.75 225 197.88 191.85
49.76 225 195.32 191.83
49.78 225 194.85 191.00
49.79 225 197.43 192.44
49.81 225 198.54 192.64
49.83 225 198.65 192.03
49.84 225 197.33 192.52
49.86 225 197.29 191.79
49.87 225 198.25 191.50
49.89 225 198.27 192.44
49.90 225 196.74 193.61
49.92 225 194.81 193.47
49.94 225 194.89 192.67
49.95 225 196.72 192.80
49.97 225 198.10 192.15
49.98 225 197.23 191.22
50.00 225 196.14 192.16
50.01 240 196.48 192.05
50.03 240 197.34 191.11
50.05 240 197.81 191.74
50.06 240 196.78 192.51
50.08 240 195.07 192.19
50.09 240 195.20 192.01
50.11 240 196.45 193.20
50.12 240 197.66 193.21
50.14 240 198.61 192.46
50.15 240 198.32 193.59
50.17 240 197.82 194.60
50.18 240 197.98 194.10
50.20 240 198.53 193.69
50.22 240 197.71 193.81
50.23 240 196.31 193.96
50.24 240 196.25 195.55
50.26 240 197.90 195.90
50.28 240 199.39 193.70
50.29 240 199.40 193.07
50.31 240 198.88 193.61
50.32 240 197.90 194.07
50.34 240 197.70 194.19
50.36 240 198.53 193.51
50.37 240 198.69 193.61
50.39 240 197.91 193.82
50.40 240 196.95 193.30
50.42 240 196.44 194.27
50.43 240 197.30 195.10
50.45 240 197.69 194.46
50.46 240 198.00 193.47
50.48 240 198.00 193.97
50.49 240 198.56 195.93
50.51 240 197.81 195.77
50.52 240 197.40 194.95
50.54 240 197.49 194.85
50.55 240 198.96 195.00
50.57 240 200.34 195.33
50.59 240 200.38 194.60
50.60 240 200.21 193.88
50.62 240 199.60 193.67
50.63 240 198.54 194.07
50.65 240 198.08 194.27
50.66 240 197.98 194.07
50.68 240 198.01 193.78
50.70 240 198.25 193.54
50.71 240 197.96 193.21
50.73 240 197.92 193.70
50.74 240 197.94 194.71
50.76 240 198.04 194.39
50.77 240 199.15 194.84
50.79 240 200.24 194.73
50.80 240 199.75 194.12
50.82 240 197.63 195.83
50.83 240 195.81 196.06
50.85 240 195.90 194.34
50.86 240 198.04 195.08
50.88 240 199.87 195.54
50.89 240 199.58 195.09
50.91 240 198.82 195.33
50.93 240 198.85 194.53
50.94 240 199.51 195.13
50.96 240 199.66 195.12
50.97 240 198.80 194.21
50.99 240 197.95 195.20
51.00 240 198.06 194.66
51.02 240 198.44 194.13
51.04 240 198.98 195.14
51.05 240 199.25 195.24
51.06 240 198.72 196.04
51.08 240 199.05 195.53
51.10 240 199.92 194.09
51.11 240 199.95 195.20
51.13 240 198.39 195.81
51.14 240 196.58 196.31
51.16 240 196.17 197.00
51.17 240 198.06 195.84
51.19 240 200.16 194.86
51.20 240 200.31 194.69
51.22 240 199.40 194.49
51.23 240 198.41 194.67
51.25 240 198.26 195.02
51.27 240 198.11 194.78
51.28 240 197.20 193.81
51.30 240 198.44 193.57
51.31 240 198.82 193.96
51.33 240 199.68 193.80
51.34 240 200.47 194.30
51.36 240 199.87 194.08
51.38 240 199.57 193.53
51.39 240 200.04 194.39
51.40 240 200.10 194.78
51.42 240 198.88 194.14
51.44 240 196.92 194.02
51.45 240 196.26 194.39
51.47 240 198.04 194.75
51.48 240 199.97 195.15
51.50 240 200.26 194.84
51.51 240 199.73 194.43
51.53 240 199.07 193.90
51.54 240 198.93 193.71
51.56 240 199.82 194.55
51.58 240 200.08 194.30
51.59 240 198.97 193.40
51.61 240 197.96 193.13
51.62 240 197.61 192.96
51.64 240 198.70 193.56
51.65 240 200.07 195.21
51.67 240 199.98 194.85
51.68 240 199.15 193.28
51.70 240 198.63 194.47
51.71 240 198.74 195.42
51.73 240 198.18 195.05
51.74 240 197.21 195.27
51.76 240 197.33 195.80
51.78 240 198.57 196.04
51.79 240 199.64 195.26
51.81 240 199.74 195.21
51.82 240 199.55 194.93
51.84 240 198.77 193.62
51.85 240 198.55 193.96
51.87 240 198.96 194.06
51.89 240 198.64 193.80
51.90 240 198.06 194.09
51.92 240 197.63 193.93
51.93 240 196.97 194.19
51.95 240 198.80 193.65
51.96 240 199.47 193.77
51.98 240 199.47 196.01
51.99 240 198.88 195.79
52.01 240 199.70 194.29
52.02 240 198.54 194.11
52.04 240 197.15 194.21
52.05 240 197.15 195.75
52.07 240 198.08 196.01
52.08 240 200.84 194.73
52.10 240 200.16 194.95
52.12 240 199.35 195.56
52.13 240 199.31 194.84
52.15 240 200.12 194.29
52.16 240 200.30 194.41
52.18 240 199.03 194.12
52.19 240 198.09 193.88
52.21 240 198.35 194.08
52.22 240 198.52 194.38
52.24 240 199.01 194.16
52.26 240 199.51 193.35
52.27 240 199.27 193.30
52.29 240 199.20 194.74
52.30 240 199.50 195.25
52.32 240 199.62 194.51
52.33 240 198.34 194.55
52.35 240 196.77 194.84
52.36 240 196.61 194.61
52.38 240 198.19 195.71
52.39 240 199.47 195.67
52.41 240 199.52 194.61
52.42 240 199.41 195.15
52.44 240 198.58 194.72
52.46 240 198.36 193.73
52.47 240 198.78 194.38
52.49 240 198.53 194.99
52.50 240 197.97 194.30
52.52 240 197.84 193.34
52.53 240 197.87 193.38
52.55 240 198.61 194.10
52.56 240 199.12 194.00
52.58 240 198.41 193.85
52.60 240 198.53 194.24
52.61 240 198.99 194.44
52.63 240 198.73 194.34
52.64 240 197.97 194.73
52.66 240 196.98 195.26
52.67 240 196.17 194.98
52.69 240 197.11 194.67
52.70 240 197.78 195.28
52.72 240 197.84 195.48
52.73 240 198.58 194.47
52.75 240 197.26 194.20
52.77 240 199.66 194.04
52.78 240 201.92 193.43
52.80 240 200.67 193.96
52.81 240 199.35 194.30
52.83 240 198.72 193.44
52.84 240 199.57 193.37
52.86 240 200.41 193.58
52.87 240 200.13 193.23
52.89 240 199.46 194.22
52.90 240 199.03 194.89
52.92 240 198.75 194.09
52.94 240 197.98 193.80
52.95 240 197.31 194.78
52.97 240 197.07 195.35
52.98 240 197.87 194.80
53.00 240 199.04 194.32
53.01 240 199.46 194.75
53.03 240 200.03 194.86
53.04 240 199.96 194.94
53.06 240 198.88 195.02
53.07 240 197.88 193.89
53.09 240 197.56 194.38
53.11 240 197.98 194.61
53.12 240 198.88 194.06
53.14 240 198.70 194.42
53.15 240 198.13 194.39
53.17 240 198.16 193.42
53.18 240 198.31 192.86
53.20 240 198.87 194.47
53.21 240 199.15 194.78
53.23 240 198.70 193.69
53.24 240 197.59 194.56
53.26 240 196.65 194.99
53.28 240 196.71 194.24
53.29 240 197.89 195.01
53.31 240 198.81 195.54
53.32 240 198.67 195.09
53.34 240 198.48 195.09
53.35 240 198.69 194.46
53.37 240 199.05 194.70
53.38 240 198.90 195.03
53.40 240 197.93 193.90
53.41 240 196.93 193.87
53.43 240 196.88 194.22
53.45 240 198.26 193.64
53.46 240 200.01 193.75
53.48 240 199.16 194.28
53.49 240 198.79 193.52
53.51 240 198.95 193.22
53.52 240 198.79 193.91
53.54 240 198.00 194.15
53.55 240 196.87 194.10
53.57 240 196.31 193.80
53.58 240 197.62 194.60
53.60 240 198.97 195.25
53.61 240 198.86 194.75
53.63 240 198.66 194.96
53.65 240 198.55 194.56
53.66 240 198.95 194.35
53.68 240 199.43 194.24
53.69 240 198.45 193.66
53.71 240 197.07 194.67
53.72 240 197.45 194.71
53.74 240 198.03 193.44
53.76 240 198.83 192.98
53.77 240 199.63 193.30
53.79 240 199.04 194.04
53.80 240 198.42 194.34
53.82 240 198.35 193.88
53.83 240 198.63 193.74
53.85 240 198.01 193.93
53.86 240 196.75 194.40
53.88 240 196.32 194.48
53.89 240 197.60 193.79
53.91 240 199.11 194.20
53.92 240 199.42 195.30
53.94 240 199.34 195.62
53.95 240 198.30 196.56
53.97 240 197.81 195.94
53.99 240 198.82 193.62
54.00 240 199.26 194.06
54.02 240 198.42 194.89
54.03 240 197.49 193.85
54.05 240 197.28 194.16
54.07 240 198.26 193.96
54.08 240 199.08 193.28
54.10 240 198.55 194.04
54.11 240 198.03 193.72
54.13 240 197.65 194.39
54.14 240 197.81 194.49
54.16 240 197.06 193.53
54.17 240 195.95 194.46
54.19 240 196.50 194.93
54.20 240 196.72 194.84
54.22 240 198.47 195.01
54.23 240 198.47 195.38
54.25 240 199.00 195.43
54.27 240 199.74 194.42
54.28 240 199.21 194.57
54.30 240 198.94 194.57
54.31 240 198.76 193.30
54.33 240 199.24 193.61
54.34 240 199.20 193.76
54.36 240 198.96 193.41
54.37 240 198.83 194.00
54.39 240 198.51 194.11
54.41 240 198.83 193.67
54.42 240 199.31 192.98
54.44 240 199.05 193.25
54.45 240 197.64 195.23
54.47 240 196.32 195.11
54.48 240 195.95 193.28
54.50 240 197.18 193.95
54.51 240 198.58 194.65
54.53 240 198.42 194.46
54.54 240 198.00 195.45
54.56 240 198.40 195.36
54.57 240 199.32 195.35
54.59 240 199.54 195.17
54.61 240 198.56 193.97
54.62 240 197.53 194.34
54.64 240 197.58 194.04
54.65 240 197.84 192.99
54.67 240 198.57 193.05
54.68 240 199.01 193.69
54.70 240 198.11 193.72
54.72 240 197.95 193.14
54.73 240 198.27 193.09
54.75 240 198.27 193.85
54.76 240 197.56 194.12
54.78 240 196.49 194.62
54.79 240 196.08 194.75
54.81 240 197.16 193.47
54.82 240 198.29 194.01
54.84 240 198.36 195.43
54.85 240 198.22 195.59
54.87 240 197.96 195.52
54.89 240 198.22 194.59
54.90 240 198.30 193.94
54.92 240 197.52 193.57
54.93 240 196.71 193.25
54.95 240 196.47 194.63
54.96 240 198.63 194.74
54.98 240 198.77 193.40
54.99 240 197.91 193.55
55.01 255 198.19 193.68
55.02 255 198.74 193.62
55.04 255 198.82 194.20
55.06 255 198.11 194.07
55.07 255 197.27 194.03
55.09 255 197.79 195.54
55.10 255 199.61 196.06
55.12 255 201.00 195.99
55.13 255 201.02 197.41
55.15 255 201.12 197.62
55.16 255 201.29 197.71
55.18 255 202.03 198.78
55.19 255 203.45 200.24
55.21 255 203.42 199.65
55.22 255 202.15 197.59
55.24 255 201.86 198.45
55.25 255 202.25 198.82
55.27 255 203.53 198.76
55.28 255 204.62 199.32
55.30 255 204.06 198.31
55.31 255 203.43 198.42
55.33 255 203.52 198.72
55.34 255 203.84 198.31
55.36 255 202.94 199.33
55.37 255 201.62 200.12
55.39 255 201.74 199.35
55.40 255 202.74 198.54
55.42 255 203.71 199.67
55.43 255 204.02 200.63
55.45 255 204.28 200.17
55.46 255 204.03 201.02
55.48 255 203.66 200.81
55.49 255 204.06 200.18
55.51 255 203.91 201.35
55.52 255 203.53 201.66
55.54 255 203.44 199.89
55.55 255 203.30 198.68
55.57 255 203.96 200.10
55.58 255 205.03 200.77
55.60 255 204.89 199.64
55.61 255 203.75 198.83
55.63 255 202.68 199.06
55.64 255 202.94 198.67
55.66 255 202.50 198.59
55.67 255 201.64 200.81
55.69 255 203.91 201.18
55.70 255 204.48 199.20
55.72 255 204.12 199.58
55.73 255 204.30 201.12
55.75 255 204.79 200.37
55.76 255 205.29 199.89
55.78 255 204.75 200.22
55.79 255 204.75 200.42
55.81 255 202.01 200.00
55.82 255 204.74 199.40
55.84 255 205.12 200.38
55.85 255 205.61 199.79
55.87 255 206.12 198.54
55.88 255 205.44 198.97
55.90 255 205.36 198.94
55.91 255 205.63 199.45
55.93 255 205.19 199.59
55.94 255 203.40 198.80
55.96 255 202.10 199.89
55.97 255 202.67 199.88
55.99 255 204.12 199.41
56.00 255 205.27 200.53
56.02 255 205.04 200.16
56.03 255 204.63 199.91
56.05 255 204.44 200.45
56.06 255 205.12 201.66
56.08 255 205.86 201.26
56.09 255 204.94 199.97
56.11 255 203.85 200.79
56.12 255 204.20 200.00
56.14 255 204.73 198.91
56.15 255 205.36 199.55
56.17 255 206.04 200.00
56.19 255 205.40 199.24
56.20 255 204.78 198.44
56.22 255 204.67 198.75
56.23 255 204.59 199.56
56.25 255 203.83 199.69
56.26 255 202.60 199.41
56.27 255 202.76 199.56
56.29 255 203.39 199.69
56.31 255 204.06 199.12
56.32 255 205.45 199.12
56.34 255 205.44 200.12
56.35 255 205.60 200.80
56.37 255 206.07 200.45
56.38 255 205.55 199.94
56.39 255 205.55 201.20
56.41 255 204.02 201.26
56.43 255 205.86 199.36
56.44 255 206.51 198.68
56.45 255 206.81 199.86
56.47 255 205.96 200.07
56.49 255 205.75 199.32
56.50 255 205.79 199.97
56.52 255 205.41 199.71
56.53 255 204.10 199.24
56.55 255 202.82 199.12
56.56 255 203.41 199.03
56.58 255 204.82 199.88
56.59 255 205.43 200.07
56.61 255 205.03 199.20
56.62 255 204.93 199.79
56.64 255 205.68 201.21
56.65 255 206.32 200.81
56.67 255 206.43 200.05
56.68 255 205.71 200.34
56.70 255 204.70 200.83
56.71 255 204.57 201.17
56.73 255 204.78 201.06
56.74 255 205.29 199.31
56.76 255 205.99 198.22
56.77 255 205.60 199.98
56.79 255 205.18 200.71
56.80 255 205.05 199.83
56.82 255 204.73 200.11
56.83 255 203.83 199.29
56.85 255 203.00 198.49
56.86 255 203.28 200.12
56.88 255 204.13 200.42
56.89 255 204.34 199.36
56.91 255 204.34 199.79
56.92 255 205.34 199.78
56.94 255 207.67 199.52
56.95 255 207.10 200.81
56.97 255 205.90 200.98
56.98 255 205.22 200.63
57.00 255 205.60 200.62
57.01 255 205.78 200.06
57.03 255 205.95 199.51
57.04 255 205.98 199.36
57.06 255 205.55 198.62
57.07 255 205.77 198.09
57.09 255 206.10 199.04
57.10 255 205.57 199.10
57.12 255 203.77 199.67
57.13 255 202.61 199.33
57.15 255 203.21 198.33
57.16 255 204.38 200.55
57.18 255 205.15 201.04
57.19 255 205.21 200.29
57.21 255 205.51 201.23
57.22 255 205.84 200.71
57.24 255 205.86 200.36
57.25 255 205.72 200.95
57.27 255 204.83 202.08
57.28 255 204.17 201.56
57.30 255 205.15 200.08
57.31 255 205.74 201.17
57.33 255 205.90 200.98
57.34 255 205.71 199.43
57.36 255 204.65 200.44
57.37 255 204.90 201.44
57.39 255 205.60 200.13
57.40 255 205.10 198.78
57.42 255 204.06 199.54
57.43 255 203.29 199.78
57.45 255 203.15 198.65
57.46 255 202.92 199.89
57.48 255 205.41 200.10
57.49 255 206.72 199.17
57.51 255 206.01 200.28
57.52 255 205.65 200.70
57.54 255 206.52 199.91
57.55 255 206.19 199.71
57.57 255 205.30 200.60
57.58 255 205.03 201.06
57.60 255 204.65 201.19
57.61 255 205.27 200.43
57.63 255 206.44 199.45
57.64 255 206.66 199.02
57.66 255 206.18 199.69
57.67 255 205.61 200.55
57.69 255 204.88 199.37
57.70 255 203.80 198.81
57.72 255 203.79 199.01
57.74 255 205.09 198.50
57.75 255 205.44 198.87
57.76 255 204.89 200.89
57.78 255 204.66 200.58
57.79 255 205.13 199.13
57.81 255 205.78 200.36
57.82 255 205.66 200.89
57.84 255 205.40 200.17
57.85 255 204.80 200.89
57.87 255 204.21 202.17
57.88 255 204.76 202.14
57.90 255 205.06 201.22
57.91 255 205.50 201.40
57.93 255 206.13 200.71
57.95 255 205.81 198.94
57.96 255 205.46 199.23
57.97 255 205.15 200.09
57.99 255 204.56 199.64
58.01 255 203.48 199.17
58.02 255 202.75 199.63
58.04 255 204.70 199.49
58.05 255 206.32 198.60
58.06 255 205.50 199.36
58.08 255 205.29 200.48
58.10 255 205.51 200.14
58.11 255 205.88 198.85
58.13 255 205.77 198.29
58.14 255 204.61 199.29
58.16 255 204.27 200.46
58.17 255 205.06 201.19
58.19 255 205.49 200.59
58.20 255 205.67 200.26
58.22 255 206.16 200.05
58.23 255 206.09 199.22
58.24 255 205.70 200.38
58.26 255 205.69 200.31
58.28 255 205.35 198.82
58.29 255 203.98 198.68
58.31 255 203.38 199.04
58.32 255 204.82 199.99
58.34 255 205.88 200.04
58.35 255 205.92 199.14
58.36 255 205.17 200.18
58.38 255 204.60 200.90
58.40 255 204.74 200.33
58.41 255 204.86 200.37
58.43 255 205.04 200.48
58.44 255 204.40 201.05
58.46 255 203.71 201.47
58.47 255 204.69 202.17
58.49 255 205.59 201.59
58.50 255 206.01 199.83
58.52 255 206.05 200.06
58.53 255 205.20 200.12
58.55 255 204.94 199.44
58.56 255 205.25 199.53
58.58 255 205.12 199.09
58.59 255 203.94 198.70
58.61 255 202.57 198.68
58.62 255 204.55 198.90
58.64 255 207.44 199.39
58.65 255 206.85 199.19
58.67 255 206.02 199.25
58.68 255 204.77 199.85
58.70 255 204.61 199.81
58.71 255 205.63 199.08
58.73 255 205.43 199.27
58.74 255 204.64 200.37
58.76 255 204.21 200.58
58.77 255 204.19 199.74
58.79 255 204.49 200.34
58.80 255 205.63 201.08
58.82 255 206.22 200.33
58.83 255 205.10 199.33
58.85 255 204.13 198.76
58.86 255 203.78 199.68
58.88 255 203.49 199.81
58.89 255 203.74 199.11
58.91 255 205.03 199.01
58.92 255 205.23 198.86
58.94 255 205.04 198.57
58.95 255 205.13 198.55
58.97 255 205.46 199.50
58.98 255 205.74 200.22
59.00 255 205.38 199.89
59.01 255 205.34 198.95
59.03 255 204.83 199.37
59.04 255 204.30 201.21
59.06 255 204.58 201.35
59.07 255 204.73 200.81
59.09 255 205.39 201.10
59.10 255 205.95 200.91
59.12 255 205.79 200.53
59.13 255 205.83 200.41
59.15 255 205.89 199.63
59.16 255 205.44 198.89
59.18 255 204.11 199.84
59.19 255 203.28 200.56
59.21 255 204.88 199.97
59.22 255 205.91 199.55
59.24 255 205.56 199.20
59.25 255 205.59 198.53
59.27 255 205.36 198.99
59.28 255 205.16 200.56
59.30 255 204.61 200.15
59.31 255 203.44 199.00
59.33 255 203.26 199.95
59.34 255 204.40 200.09
59.36 255 204.96 199.38
59.37 255 204.85 199.59
59.39 255 205.06 199.54
59.40 255 205.25 199.98
59.42 255 205.41 199.70
59.43 255 205.71 199.63
59.45 255 205.47 199.91
59.46 255 203.77 199.20
59.48 255 202.25 198.90
59.49 255 202.87 198.65
59.51 255 204.49 198.66
59.52 255 205.69 199.86
59.54 255 205.46 199.60
59.55 255 204.86 198.71
59.57 255 204.43 200.26
59.58 255 204.72 200.32
59.60 255 205.61 199.44
59.61 255 204.94 200.54
59.63 255 203.64 201.01
59.64 255 203.55 200.58
59.66 255 204.04 200.22
59.67 255 204.96 200.66
59.69 255 205.59 201.18
59.70 255 205.21 200.66
59.72 255 204.96 200.30
59.74 255 205.24 199.55
59.75 255 205.24 198.75
59.76 255 204.20 199.56
59.78 255 203.08 199.59
59.80 255 204.59 198.66
59.81 255 205.98 198.90
59.83 255 205.96 199.34
59.84 255 205.53 199.48
59.85 255 204.37 199.29
59.87 255 204.03 200.02
59.89 255 205.14 200.15
59.90 255 205.37 199.36
59.92 255 204.55 199.80
59.93 255 203.86 199.75
59.94 255 203.50 199.62
59.96 255 204.11 199.95
59.98 255 205.47 199.83
59.99 255 206.03 200.90